==========================================
SLURM_JOB_ID = 17005476
SLURM_JOB_NODELIST = e07-16
TMPDIR = /tmp/SLURM_17005476
==========================================

Inactive Modules:
  1) openblas/0.3.21     2) openmpi/4.1.4     3) pmix/3.2.3

The following have been reloaded with a version change:
  1) gcc/11.3.0 => gcc/8.3.0

[2023-10-04 18:38:55,564] [query_look_up_table_new_fix_first_response.py:create_query_lookup_table] : response number: 0
args are Namespace(max_K=10, first_response=[[-1, 0, 1, 0, 0]], sigma=0.05, time_limit=3600.0, confidence_level=0.9, output_dir='./hi', u0_type='positive_box', problem_type='mmr', same_query_num=False, fair_type='sum', input_csv='../data/LAHSA/AdultHMIS_20210922_preprocessed_final_Robust_edit.csv', partworth=False, DEBUG=False)
./data/LAHSA/AdultHMIS_20210922_prep_K10_s0.05_mmr_start[[-1, 0, 1, 0, 0]]
items are [0.5        1.         0.94571398 0.90439389 0.66926577 0.56902836
 0.76930729 0.80900614 0.70393353 0.71350262 0.80061846 0.84848131
 0.94571398 0.93562713 0.96054336 0.94571398]
items are [1.         1.         0.92360472 0.89845085 0.63950352 0.55190088
 0.69188916 0.81188914 0.67529453 0.69336775 0.78313692 0.8232594
 0.92360472 0.89401979 0.95800729 0.92360472]
items are [0.83333333 0.66666667 0.92616212 0.85115509 0.60800011 1.
 0.69647395 0.81311571 0.68205275 0.69560954 0.78650243 0.8243067
 0.92616212 0.84997832 0.96431948 0.92616212]
items are [0.         1.         0.95033822 0.92837205 0.65550348 0.56074233
 0.68878887 0.84322437 0.75582893 0.84954593 0.91892145 0.90535613
 0.95033822 0.91638759 0.95371456 0.95033822]
items are [0.         1.         0.93392788 0.9081422  0.64707646 0.55761423
 0.6810826  0.8251286  0.94700811 0.70714038 0.80233659 0.83493349
 0.93392788 0.90460669 0.94304425 0.93392788]
items are [0.66666667 0.66666667 0.94473541 0.71945063 0.81964576 0.72287866
 0.70787447 0.83033429 0.69814944 0.71282733 0.81511577 0.84633214
 0.94473541 0.7961467  0.98014095 0.94473541]
items are [0.5        1.         0.96838644 0.93729908 0.67816062 0.56198016
 0.84289455 0.80822732 0.72708427 0.72741498 0.84133019 0.87143355
 0.96838644 0.94806204 0.95982773 0.96838644]
items are [0.5        1.         0.95067321 0.939247   0.65082527 0.53161214
 0.69893388 0.83980166 0.76712153 0.7503027  0.8332943  0.84964013
 0.95067321 0.90984749 0.96776158 0.95067321]
items are [0.         1.         0.97972303 0.96330393 0.66443391 0.60684495
 0.75912965 0.85194697 0.72458477 0.88398296 0.9528695  0.92190535
 0.97972303 0.92887224 1.         0.97972303]
items are [0.5        1.         0.9643811  0.93275208 0.67193626 0.58188979
 0.84555889 0.80179225 0.81042869 0.70920803 0.81979444 0.86481564
 0.9643811  0.93936046 0.95391479 0.9643811 ]
items are [0.83333333 1.         0.96024114 0.93777852 0.66031363 0.57903957
 0.75851643 0.82965138 0.71756038 0.75573686 0.86556657 0.87626071
 0.96024114 0.92311213 0.97951346 0.96024114]
items are [0.83333333 1.         0.93566002 0.89214693 0.66611908 0.55532242
 0.77313351 0.79569418 0.73031962 0.69372513 0.79880397 0.83433784
 0.93566002 0.9312281  0.94831153 0.93566002]
items are [0.         1.         0.96100897 0.96073785 0.64795425 0.53167207
 0.66362409 0.86524758 0.70772843 0.73867798 0.8258928  0.85764323
 0.96100897 0.90583383 0.91887075 0.96100897]
items are [0.16666667 0.66666667 0.96054088 0.93748238 0.65629199 0.60543422
 0.77724312 0.8223262  0.80328009 1.         0.9326575  0.90095073
 0.96054088 0.91748991 0.97278264 0.96054088]
items are [0.66666667 0.66666667 0.92360472 0.89845085 0.63950352 0.55190088
 0.69188916 0.81188914 0.67529453 0.69336775 0.78313692 0.8232594
 0.92360472 0.89401979 0.95800729 0.92360472]
items are [0.5        1.         0.93245109 0.90119723 0.6376178  0.63209927
 0.69948936 0.81912984 0.7001429  0.69248923 0.78878063 0.82590779
 0.93245109 0.89138358 0.96853073 0.93245109]
items are [0.5        1.         0.96755206 0.9456002  0.66187631 0.59873475
 0.67225045 0.86825057 0.85392321 0.75676601 0.87894324 0.88391336
 0.96755206 0.92529674 0.93081503 0.96755206]
items are [0.         0.66666667 0.95130854 0.92474097 0.66475545 0.53882656
 0.69027647 0.84441383 0.69408557 0.97284754 1.         0.92471458
 0.95130854 0.92932175 0.95577432 0.95130854]
items are [0.5        1.         0.97928556 0.89452362 0.73938304 0.55950856
 0.94767252 0.78180853 0.81263381 0.74190028 0.83899699 0.8698132
 0.97928556 0.95152315 0.93555254 0.97928556]
items are [0.5        1.         0.93861446 0.90314232 0.6636261  0.5386478
 0.75988036 0.80396271 0.7293734  0.70061788 0.80503086 0.8434868
 0.93861446 0.92774293 0.95590915 0.93861446]
items are [0.83333333 1.         0.92594106 0.88704352 0.65445437 0.55330511
 0.69641034 0.81305906 0.66410343 0.70990131 0.7788836  0.82281083
 0.92594106 0.91492094 0.96426743 0.92594106]
items are [0.83333333 1.         0.92545777 0.89928663 0.6417181  0.55306744
 0.70682419 0.80914347 0.61904794 0.68826548 0.7885814  0.82742879
 0.92545777 0.89711575 0.96066955 0.92545777]
items are [0.16666667 0.66666667 1.         0.94914572 0.72330637 0.55451415
 1.         0.78489901 1.         0.72971921 0.84393231 0.8799332
 1.         1.         0.93839227 1.        ]
items are [0.         1.         0.96573899 0.96109025 0.64652755 0.58277624
 0.72223634 0.84870172 0.77414682 0.77576753 0.87516645 0.87997169
 0.96573899 0.90383932 0.99701807 0.96573899]
items are [0.66666667 1.         0.97680321 1.         0.63534992 0.5424503
 0.63779904 0.89341331 0.66356718 0.87302197 0.96506781 0.94773
 0.97680321 0.8882131  0.88311273 0.97680321]
items are [1.         1.         0.05241718 0.04024143 0.04662477 0.03211743
 0.13441412 0.01044403 0.13299332 0.08104891 0.07145487 0.05822379
 0.05241718 0.06518098 0.1861132  0.05241718]
items are [1.         1.         0.00536505 0.00396078 0.00490898 0.00338155
 0.01404057 0.00109962 0.         0.00843466 0.00740465 0.00600094
 0.00536505 0.00686271 0.         0.00536505]
items are [0.00000000e+00 0.00000000e+00 0.00000000e+00 0.00000000e+00
 0.00000000e+00 0.00000000e+00 3.91946306e-15 0.00000000e+00
 4.34984752e-17 0.00000000e+00 0.00000000e+00 0.00000000e+00
 0.00000000e+00 0.00000000e+00 7.05115500e-17 0.00000000e+00]
items are [0.5        1.         0.931136   0.89188843 0.65216911 0.58963167
 0.71024527 0.81376131 0.69208963 0.69951352 0.77835499 0.82243432
 0.931136   0.91172617 0.9649127  0.931136  ]
items are [0.5        0.66666667 0.94453612 0.94329285 0.62487414 0.59312228
 0.67746287 0.83960033 0.86036256 0.70912714 0.81150993 0.84109773
 0.94453612 0.87356807 0.93803228 0.94453612]
items are [0.83333333 1.         0.9693413  0.93421713 0.68307638 0.56066685
 0.97597928 0.76216126 0.5881618  0.76489628 0.85336259 0.87029559
 0.9693413  0.95493424 0.91749944 0.9693413 ]
items are [0.83333333 1.         0.92495582 0.89937199 0.63477223 0.58573684
 0.69309855 0.81300106 0.6766701  0.70347888 0.80314092 0.82848461
 0.92495582 0.88740549 0.95968184 0.92495582]
items are [0.         1.         0.92477908 0.89367401 0.64403291 0.56381322
 0.71977092 0.80198348 0.7870062  0.68060453 0.77488134 0.81916884
 0.92477908 0.90035185 0.95409052 0.92477908]
items are [0.16666667 0.66666667 0.92021483 0.93741235 0.60477823 0.50175716
 0.27431265 0.96267456 0.42946466 0.13357504 0.56656912 0.75215139
 0.92021483 0.84547418 0.37982026 0.24706782]
items are [6.66666667e-01 6.66666667e-01 8.70128999e-01 8.72460815e-01
 5.87540603e-01 4.62974686e-01 0.00000000e+00 1.00000000e+00
 9.02496753e-01 5.79841923e-01 6.85024396e-01 7.65441843e-01
 8.70128999e-01 8.21376134e-01 3.14354898e-16 8.65175381e-01]
items are [0.5        0.66666667 0.96047559 0.62387094 1.         0.39728204
 0.80278376 0.81254032 0.84345674 0.71437665 0.81638372 0.85121801
 0.96047559 0.71132019 0.96379078 0.96047559]
items are [0.5        1.         0.97803273 0.94493281 0.68233565 0.59072624
 0.97671582 0.77312553 0.47060872 0.78359572 0.88232111 0.88090986
 0.97803273 0.9538987  0.76286239 0.97803273]
items are [0.         0.66666667 0.92187519 0.87653194 0.6540294  0.57271621
 0.65541572 0.82298871 0.69541274 0.84987969 0.95585404 1.
 0.92187519 0.91432684 0.90750523 0.92187519]
items are [0.5        1.         0.95024667 0.93810579 0.646694   0.55616347
 0.64871838 0.8588388  0.6433228  0.7185055  0.80953303 0.84965689
 0.95024667 0.90407202 0.89823193 0.95024667]
items are [0.5        1.         0.9146639  0.88319996 0.64796493 0.50144344
 0.70707952 0.79528447 0.74629436 0.63453536 0.73393616 0.80162835
 0.9146639  0.90584877 0.94793506 0.9146639 ]
items are [0.83333333 1.         0.92823982 0.90281612 0.64288874 0.55447451
 0.69777488 0.81511529 0.67543423 0.69894061 0.7879574  0.82770723
 0.92823982 0.8987523  0.96615681 0.92823982]
items are [0.83333333 1.         0.96539394 0.94785838 0.66599388 0.54362038
 0.75756634 0.8344868  0.86867093 0.73733537 0.83563732 0.86860859
 0.96539394 0.93105306 0.98395653 0.96539394]
items are [0.         0.66666667 0.94536063 0.89132224 0.67882102 0.58304778
 0.79846282 0.79576093 0.92791506 0.743204   0.81138525 0.8463814
 0.94536063 0.94868194 0.94837286 0.94536063]
items are [0.16666667 1.         0.96835366 0.94635764 0.66451669 0.58794813
 0.72150377 0.85087219 0.88892041 0.76479287 0.84852816 0.86929169
 0.96835366 0.92898797 0.99901243 0.96835366]
items are [0.66666667 1.         0.9540392  0.93511648 0.65550431 0.56020717
 0.69661024 0.84396499 0.82681715 0.73496018 0.83918621 0.86279135
 0.9540392  0.91638874 0.96454422 0.9540392 ]
total number of items 45
first resposne is [[-1, 0, 1, 0, 0]]
args first resposne is [[-1, 0, 1, 0, 0]]
first resposne now is [-1, 0, 1, 0, 0]
args first resposne now is [-1, 0, 1, 0, 0]
processing num: 0 

gamma is 0.09061938024368234
Bmat [[ 1.  0.  0.  0.  0.  0.  0.  0.  0.  0.  0.  0.  0.  0.  0.  0.]
 [ 0.  1.  0.  0.  0.  0.  0.  0.  0.  0.  0.  0.  0.  0.  0.  0.]
 [ 0.  0.  1.  0.  0.  0.  0.  0.  0.  0.  0.  0.  0.  0.  0.  0.]
 [ 0.  0.  0.  1.  0.  0.  0.  0.  0.  0.  0.  0.  0.  0.  0.  0.]
 [ 0.  0.  0.  0.  1.  0.  0.  0.  0.  0.  0.  0.  0.  0.  0.  0.]
 [ 0.  0.  0.  0.  0.  1.  0.  0.  0.  0.  0.  0.  0.  0.  0.  0.]
 [ 0.  0.  0.  0.  0.  0.  1.  0.  0.  0.  0.  0.  0.  0.  0.  0.]
 [ 0.  0.  0.  0.  0.  0.  0.  1.  0.  0.  0.  0.  0.  0.  0.  0.]
 [ 0.  0.  0.  0.  0.  0.  0.  0.  1.  0.  0.  0.  0.  0.  0.  0.]
 [ 0.  0.  0.  0.  0.  0.  0.  0.  0.  1.  0.  0.  0.  0.  0.  0.]
 [ 0.  0.  0.  0.  0.  0.  0.  0.  0.  0.  1.  0.  0.  0.  0.  0.]
 [ 0.  0.  0.  0.  0.  0.  0.  0.  0.  0.  0.  1.  0.  0.  0.  0.]
 [ 0.  0.  0.  0.  0.  0.  0.  0.  0.  0.  0.  0.  1.  0.  0.  0.]
 [ 0.  0.  0.  0.  0.  0.  0.  0.  0.  0.  0.  0.  0.  1.  0.  0.]
 [ 0.  0.  0.  0.  0.  0.  0.  0.  0.  0.  0.  0.  0.  0.  1.  0.]
 [ 0.  0.  0.  0.  0.  0.  0.  0.  0.  0.  0.  0.  0.  0.  0.  1.]
 [-1. -0. -0. -0. -0. -0. -0. -0. -0. -0. -0. -0. -0. -0. -0. -0.]
 [-0. -1. -0. -0. -0. -0. -0. -0. -0. -0. -0. -0. -0. -0. -0. -0.]
 [-0. -0. -1. -0. -0. -0. -0. -0. -0. -0. -0. -0. -0. -0. -0. -0.]
 [-0. -0. -0. -1. -0. -0. -0. -0. -0. -0. -0. -0. -0. -0. -0. -0.]
 [-0. -0. -0. -0. -1. -0. -0. -0. -0. -0. -0. -0. -0. -0. -0. -0.]
 [-0. -0. -0. -0. -0. -1. -0. -0. -0. -0. -0. -0. -0. -0. -0. -0.]
 [-0. -0. -0. -0. -0. -0. -1. -0. -0. -0. -0. -0. -0. -0. -0. -0.]
 [-0. -0. -0. -0. -0. -0. -0. -1. -0. -0. -0. -0. -0. -0. -0. -0.]
 [-0. -0. -0. -0. -0. -0. -0. -0. -1. -0. -0. -0. -0. -0. -0. -0.]
 [-0. -0. -0. -0. -0. -0. -0. -0. -0. -1. -0. -0. -0. -0. -0. -0.]
 [-0. -0. -0. -0. -0. -0. -0. -0. -0. -0. -1. -0. -0. -0. -0. -0.]
 [-0. -0. -0. -0. -0. -0. -0. -0. -0. -0. -0. -1. -0. -0. -0. -0.]
 [-0. -0. -0. -0. -0. -0. -0. -0. -0. -0. -0. -0. -1. -0. -0. -0.]
 [-0. -0. -0. -0. -0. -0. -0. -0. -0. -0. -0. -0. -0. -1. -0. -0.]
 [-0. -0. -0. -0. -0. -0. -0. -0. -0. -0. -0. -0. -0. -0. -1. -0.]
 [-0. -0. -0. -0. -0. -0. -0. -0. -0. -0. -0. -0. -0. -0. -0. -1.]]
[ 0.  0.  0.  0.  0.  0.  0.  0.  0.  0.  0.  0.  0.  0.  0.  0. -1. -1.
 -1. -1. -1. -1. -1. -1. -1. -1. -1. -1. -1. -1. -1. -1.]
Set parameter TokenServer to value "hpc-licenses.hpcc.usc.edu"
[2023-10-04 18:39:06,870] [query_look_up_table_new_fix_first_response.py:create_query_lookup_table] : response number: 1
[2023-10-04 18:39:19,467] [query_look_up_table_new_fix_first_response.py:create_query_lookup_table] : response number: 2
[2023-10-04 18:39:32,523] [query_look_up_table_new_fix_first_response.py:create_query_lookup_table] : response number: 3
[2023-10-04 18:39:45,533] [query_look_up_table_new_fix_first_response.py:create_query_lookup_table] : response number: 4
[2023-10-04 18:39:58,336] [query_look_up_table_new_fix_first_response.py:create_query_lookup_table] : response number: 5
[2023-10-04 18:48:17,305] [query_look_up_table_new_fix_first_response.py:create_query_lookup_table] : response number: 6
[2023-10-04 18:57:09,680] [query_look_up_table_new_fix_first_response.py:create_query_lookup_table] : response number: 7
[2023-10-04 19:13:38,880] [query_look_up_table_new_fix_first_response.py:create_query_lookup_table] : response number: 8
[2023-10-04 19:24:06,301] [query_look_up_table_new_fix_first_response.py:create_query_lookup_table] : response number: 9
[2023-10-04 19:34:08,505] [query_look_up_table_new_fix_first_response.py:create_query_lookup_table] : response number: 10
[2023-10-04 19:44:01,616] [query_look_up_table_new_fix_first_response.py:create_query_lookup_table] : response number: 11
[2023-10-04 19:46:41,773] [query_look_up_table_new_fix_first_response.py:create_query_lookup_table] : response number: 12
[2023-10-04 19:50:56,371] [query_look_up_table_new_fix_first_response.py:create_query_lookup_table] : response number: 13
[2023-10-04 19:54:29,164] [query_look_up_table_new_fix_first_response.py:create_query_lookup_table] : response number: 14
[2023-10-04 20:05:40,210] [query_look_up_table_new_fix_first_response.py:create_query_lookup_table] : response number: 15
[2023-10-04 20:19:42,147] [query_look_up_table_new_fix_first_response.py:create_query_lookup_table] : response number: 16
[2023-10-04 20:23:52,343] [query_look_up_table_new_fix_first_response.py:create_query_lookup_table] : response number: 17
[2023-10-04 20:25:11,333] [query_look_up_table_new_fix_first_response.py:create_query_lookup_table] : response number: 18
[2023-10-04 20:40:25,786] [query_look_up_table_new_fix_first_response.py:create_query_lookup_table] : response number: 19
[2023-10-04 20:58:37,251] [query_look_up_table_new_fix_first_response.py:create_query_lookup_table] : response number: 20
[2023-10-04 20:59:46,163] [query_look_up_table_new_fix_first_response.py:create_query_lookup_table] : response number: 21
[2023-10-04 21:03:06,521] [query_look_up_table_new_fix_first_response.py:create_query_lookup_table] : response number: 22
[2023-10-04 21:04:11,206] [query_look_up_table_new_fix_first_response.py:create_query_lookup_table] : response number: 23
[2023-10-04 21:23:34,814] [query_look_up_table_new_fix_first_response.py:create_query_lookup_table] : response number: 24
[2023-10-04 21:24:44,429] [query_look_up_table_new_fix_first_response.py:create_query_lookup_table] : response number: 25
[2023-10-04 22:19:07,368] [query_look_up_table_new_fix_first_response.py:create_query_lookup_table] : response number: 26
[2023-10-04 22:57:21,285] [query_look_up_table_new_fix_first_response.py:create_query_lookup_table] : response number: 27
[2023-10-04 23:24:59,197] [query_look_up_table_new_fix_first_response.py:create_query_lookup_table] : response number: 28
[2023-10-04 23:46:57,480] [query_look_up_table_new_fix_first_response.py:create_query_lookup_table] : response number: 29
[2023-10-05 00:10:12,516] [query_look_up_table_new_fix_first_response.py:create_query_lookup_table] : response number: 30
[2023-10-05 00:45:20,819] [query_look_up_table_new_fix_first_response.py:create_query_lookup_table] : response number: 31
[2023-10-05 01:13:59,879] [query_look_up_table_new_fix_first_response.py:create_query_lookup_table] : response number: 32
[2023-10-05 01:42:06,749] [query_look_up_table_new_fix_first_response.py:create_query_lookup_table] : response number: 33
[2023-10-05 01:43:45,242] [query_look_up_table_new_fix_first_response.py:create_query_lookup_table] : response number: 34
[2023-10-05 02:18:49,642] [query_look_up_table_new_fix_first_response.py:create_query_lookup_table] : response number: 35
[2023-10-05 02:19:54,897] [query_look_up_table_new_fix_first_response.py:create_query_lookup_table] : response number: 36
[2023-10-05 02:22:30,129] [query_look_up_table_new_fix_first_response.py:create_query_lookup_table] : response number: 37
[2023-10-05 02:24:40,200] [query_look_up_table_new_fix_first_response.py:create_query_lookup_table] : response number: 38
[2023-10-05 02:26:02,329] [query_look_up_table_new_fix_first_response.py:create_query_lookup_table] : response number: 39
[2023-10-05 02:55:13,892] [query_look_up_table_new_fix_first_response.py:create_query_lookup_table] : response number: 40
[2023-10-05 02:56:17,936] [query_look_up_table_new_fix_first_response.py:create_query_lookup_table] : response number: 41
[2023-10-05 02:59:26,517] [query_look_up_table_new_fix_first_response.py:create_query_lookup_table] : response number: 42
[2023-10-05 03:00:30,368] [query_look_up_table_new_fix_first_response.py:create_query_lookup_table] : response number: 43
[2023-10-05 03:01:31,521] [query_look_up_table_new_fix_first_response.py:create_query_lookup_table] : response number: 44
[2023-10-05 03:02:39,352] [query_look_up_table_new_fix_first_response.py:create_query_lookup_table] : response number: 45
[2023-10-05 03:03:53,011] [query_look_up_table_new_fix_first_response.py:create_query_lookup_table] : response number: 46
[2023-10-05 03:07:17,524] [query_look_up_table_new_fix_first_response.py:create_query_lookup_table] : response number: 47
[2023-10-05 03:34:02,392] [query_look_up_table_new_fix_first_response.py:create_query_lookup_table] : response number: 48
[2023-10-05 03:35:19,126] [query_look_up_table_new_fix_first_response.py:create_query_lookup_table] : response number: 49
[2023-10-05 03:36:25,467] [query_look_up_table_new_fix_first_response.py:create_query_lookup_table] : response number: 50
[2023-10-05 04:07:27,046] [query_look_up_table_new_fix_first_response.py:create_query_lookup_table] : response number: 51
[2023-10-05 04:35:13,557] [query_look_up_table_new_fix_first_response.py:create_query_lookup_table] : response number: 52
[2023-10-05 05:14:46,083] [query_look_up_table_new_fix_first_response.py:create_query_lookup_table] : response number: 53
[2023-10-05 05:16:03,653] [query_look_up_table_new_fix_first_response.py:create_query_lookup_table] : response number: 54
[2023-10-05 06:16:13,802] [query_look_up_table_new_fix_first_response.py:create_query_lookup_table] : response number: 55
[2023-10-05 06:56:01,114] [query_look_up_table_new_fix_first_response.py:create_query_lookup_table] : response number: 56
[2023-10-05 06:57:11,431] [query_look_up_table_new_fix_first_response.py:create_query_lookup_table] : response number: 57
[2023-10-05 07:57:21,865] [query_look_up_table_new_fix_first_response.py:create_query_lookup_table] : response number: 58
[2023-10-05 08:57:32,276] [query_look_up_table_new_fix_first_response.py:create_query_lookup_table] : response number: 59
[2023-10-05 09:39:04,350] [query_look_up_table_new_fix_first_response.py:create_query_lookup_table] : response number: 60
[2023-10-05 10:02:45,289] [query_look_up_table_new_fix_first_response.py:create_query_lookup_table] : response number: 61
[2023-10-05 10:05:04,115] [query_look_up_table_new_fix_first_response.py:create_query_lookup_table] : response number: 62
[2023-10-05 10:47:09,611] [query_look_up_table_new_fix_first_response.py:create_query_lookup_table] : response number: 63
[2023-10-05 11:37:10,091] [query_look_up_table_new_fix_first_response.py:create_query_lookup_table] : response number: 64
[2023-10-05 11:38:21,951] [query_look_up_table_new_fix_first_response.py:create_query_lookup_table] : response number: 65
[2023-10-05 12:23:15,280] [query_look_up_table_new_fix_first_response.py:create_query_lookup_table] : response number: 66
[2023-10-05 12:24:22,524] [query_look_up_table_new_fix_first_response.py:create_query_lookup_table] : response number: 67
[2023-10-05 12:45:14,341] [query_look_up_table_new_fix_first_response.py:create_query_lookup_table] : response number: 68
[2023-10-05 12:46:24,072] [query_look_up_table_new_fix_first_response.py:create_query_lookup_table] : response number: 69
[2023-10-05 13:44:57,960] [query_look_up_table_new_fix_first_response.py:create_query_lookup_table] : response number: 70
[2023-10-05 13:46:07,480] [query_look_up_table_new_fix_first_response.py:create_query_lookup_table] : response number: 71
[2023-10-05 14:46:17,892] [query_look_up_table_new_fix_first_response.py:create_query_lookup_table] : response number: 72
[2023-10-05 15:22:15,994] [query_look_up_table_new_fix_first_response.py:create_query_lookup_table] : response number: 73
[2023-10-05 15:25:57,627] [query_look_up_table_new_fix_first_response.py:create_query_lookup_table] : response number: 74
[2023-10-05 15:29:24,888] [query_look_up_table_new_fix_first_response.py:create_query_lookup_table] : response number: 75
[2023-10-05 15:30:38,060] [query_look_up_table_new_fix_first_response.py:create_query_lookup_table] : response number: 76
[2023-10-05 15:31:59,588] [query_look_up_table_new_fix_first_response.py:create_query_lookup_table] : response number: 77
[2023-10-05 15:33:11,278] [query_look_up_table_new_fix_first_response.py:create_query_lookup_table] : response number: 78
[2023-10-05 16:04:51,378] [query_look_up_table_new_fix_first_response.py:create_query_lookup_table] : response number: 79
[2023-10-05 16:44:46,248] [query_look_up_table_new_fix_first_response.py:create_query_lookup_table] : response number: 80
[2023-10-05 16:45:57,444] [query_look_up_table_new_fix_first_response.py:create_query_lookup_table] : response number: 81
[2023-10-05 16:46:57,378] [query_look_up_table_new_fix_first_response.py:create_query_lookup_table] : response number: 82
[2023-10-05 17:18:17,907] [query_look_up_table_new_fix_first_response.py:create_query_lookup_table] : response number: 83
[2023-10-05 17:44:41,153] [query_look_up_table_new_fix_first_response.py:create_query_lookup_table] : response number: 84
[2023-10-05 18:15:04,033] [query_look_up_table_new_fix_first_response.py:create_query_lookup_table] : response number: 85
[2023-10-05 18:52:10,581] [query_look_up_table_new_fix_first_response.py:create_query_lookup_table] : response number: 86
[2023-10-05 19:30:12,356] [query_look_up_table_new_fix_first_response.py:create_query_lookup_table] : response number: 87
[2023-10-05 19:31:20,387] [query_look_up_table_new_fix_first_response.py:create_query_lookup_table] : response number: 88
[2023-10-05 19:32:39,690] [query_look_up_table_new_fix_first_response.py:create_query_lookup_table] : response number: 89
[2023-10-05 20:06:53,356] [query_look_up_table_new_fix_first_response.py:create_query_lookup_table] : response number: 90
[2023-10-05 20:10:19,798] [query_look_up_table_new_fix_first_response.py:create_query_lookup_table] : response number: 91
[2023-10-05 20:11:37,494] [query_look_up_table_new_fix_first_response.py:create_query_lookup_table] : response number: 92
[2023-10-05 20:12:40,783] [query_look_up_table_new_fix_first_response.py:create_query_lookup_table] : response number: 93
[2023-10-05 20:13:50,470] [query_look_up_table_new_fix_first_response.py:create_query_lookup_table] : response number: 94
[2023-10-05 20:15:12,443] [query_look_up_table_new_fix_first_response.py:create_query_lookup_table] : response number: 95
[2023-10-05 20:16:29,125] [query_look_up_table_new_fix_first_response.py:create_query_lookup_table] : response number: 96
[2023-10-05 20:17:41,612] [query_look_up_table_new_fix_first_response.py:create_query_lookup_table] : response number: 97
[2023-10-05 20:18:57,987] [query_look_up_table_new_fix_first_response.py:create_query_lookup_table] : response number: 98
[2023-10-05 20:21:18,505] [query_look_up_table_new_fix_first_response.py:create_query_lookup_table] : response number: 99
[2023-10-05 20:22:20,738] [query_look_up_table_new_fix_first_response.py:create_query_lookup_table] : response number: 100
[2023-10-05 20:23:24,196] [query_look_up_table_new_fix_first_response.py:create_query_lookup_table] : response number: 101
[2023-10-05 20:26:16,333] [query_look_up_table_new_fix_first_response.py:create_query_lookup_table] : response number: 102
[2023-10-05 20:27:25,391] [query_look_up_table_new_fix_first_response.py:create_query_lookup_table] : response number: 103
[2023-10-05 20:58:02,451] [query_look_up_table_new_fix_first_response.py:create_query_lookup_table] : response number: 104
[2023-10-05 21:00:58,919] [query_look_up_table_new_fix_first_response.py:create_query_lookup_table] : response number: 105
[2023-10-05 21:02:04,352] [query_look_up_table_new_fix_first_response.py:create_query_lookup_table] : response number: 106
[2023-10-05 21:31:19,732] [query_look_up_table_new_fix_first_response.py:create_query_lookup_table] : response number: 107
[2023-10-05 21:32:21,911] [query_look_up_table_new_fix_first_response.py:create_query_lookup_table] : response number: 108
