==========================================
SLURM_JOB_ID = 16992729
SLURM_JOB_NODELIST = e06-11
TMPDIR = /tmp/SLURM_16992729
==========================================

Inactive Modules:
  1) openblas/0.3.21     2) openmpi/4.1.4     3) pmix/3.2.3

The following have been reloaded with a version change:
  1) gcc/11.3.0 => gcc/8.3.0

[2023-10-04 00:20:35,565] [query_look_up_table_new_fix_first_response.py:create_query_lookup_table] : response number: 0
args are Namespace(max_K=5, first_response=[[0, 1, -1]], sigma=0.05, time_limit=3600.0, confidence_level=0.9, output_dir='./hi', u0_type='positive_box', problem_type='mmr', same_query_num=False, fair_type='sum', input_csv='../data/LAHSA/AdultHMIS_20210922_preprocessed_final_Robust_edit.csv', partworth=False, DEBUG=False)
./data/LAHSA/AdultHMIS_20210922_prep_K5_s0.05_mmr_start[[0, 1, -1]]
items are [0.5        1.         0.94571398 0.90439389 0.66926577 0.56902836
 0.76930729 0.80900614 0.70393353 0.71350262 0.80061846 0.84848131
 0.94571398 0.93562713 0.96054336 0.94571398]
items are [1.         1.         0.92360472 0.89845085 0.63950352 0.55190088
 0.69188916 0.81188914 0.67529453 0.69336775 0.78313692 0.8232594
 0.92360472 0.89401979 0.95800729 0.92360472]
items are [0.83333333 0.66666667 0.92616212 0.85115509 0.60800011 1.
 0.69647395 0.81311571 0.68205275 0.69560954 0.78650243 0.8243067
 0.92616212 0.84997832 0.96431948 0.92616212]
items are [0.         1.         0.95033822 0.92837205 0.65550348 0.56074233
 0.68878887 0.84322437 0.75582893 0.84954593 0.91892145 0.90535613
 0.95033822 0.91638759 0.95371456 0.95033822]
items are [0.         1.         0.93392788 0.9081422  0.64707646 0.55761423
 0.6810826  0.8251286  0.94700811 0.70714038 0.80233659 0.83493349
 0.93392788 0.90460669 0.94304425 0.93392788]
items are [0.66666667 0.66666667 0.94473541 0.71945063 0.81964576 0.72287866
 0.70787447 0.83033429 0.69814944 0.71282733 0.81511577 0.84633214
 0.94473541 0.7961467  0.98014095 0.94473541]
items are [0.5        1.         0.96838644 0.93729908 0.67816062 0.56198016
 0.84289455 0.80822732 0.72708427 0.72741498 0.84133019 0.87143355
 0.96838644 0.94806204 0.95982773 0.96838644]
items are [0.5        1.         0.95067321 0.939247   0.65082527 0.53161214
 0.69893388 0.83980166 0.76712153 0.7503027  0.8332943  0.84964013
 0.95067321 0.90984749 0.96776158 0.95067321]
items are [0.         1.         0.97972303 0.96330393 0.66443391 0.60684495
 0.75912965 0.85194697 0.72458477 0.88398296 0.9528695  0.92190535
 0.97972303 0.92887224 1.         0.97972303]
items are [0.5        1.         0.9643811  0.93275208 0.67193626 0.58188979
 0.84555889 0.80179225 0.81042869 0.70920803 0.81979444 0.86481564
 0.9643811  0.93936046 0.95391479 0.9643811 ]
items are [0.83333333 1.         0.96024114 0.93777852 0.66031363 0.57903957
 0.75851643 0.82965138 0.71756038 0.75573686 0.86556657 0.87626071
 0.96024114 0.92311213 0.97951346 0.96024114]
items are [0.83333333 1.         0.93566002 0.89214693 0.66611908 0.55532242
 0.77313351 0.79569418 0.73031962 0.69372513 0.79880397 0.83433784
 0.93566002 0.9312281  0.94831153 0.93566002]
items are [0.         1.         0.96100897 0.96073785 0.64795425 0.53167207
 0.66362409 0.86524758 0.70772843 0.73867798 0.8258928  0.85764323
 0.96100897 0.90583383 0.91887075 0.96100897]
items are [0.16666667 0.66666667 0.96054088 0.93748238 0.65629199 0.60543422
 0.77724312 0.8223262  0.80328009 1.         0.9326575  0.90095073
 0.96054088 0.91748991 0.97278264 0.96054088]
items are [0.66666667 0.66666667 0.92360472 0.89845085 0.63950352 0.55190088
 0.69188916 0.81188914 0.67529453 0.69336775 0.78313692 0.8232594
 0.92360472 0.89401979 0.95800729 0.92360472]
items are [0.5        1.         0.93245109 0.90119723 0.6376178  0.63209927
 0.69948936 0.81912984 0.7001429  0.69248923 0.78878063 0.82590779
 0.93245109 0.89138358 0.96853073 0.93245109]
items are [0.5        1.         0.96755206 0.9456002  0.66187631 0.59873475
 0.67225045 0.86825057 0.85392321 0.75676601 0.87894324 0.88391336
 0.96755206 0.92529674 0.93081503 0.96755206]
items are [0.         0.66666667 0.95130854 0.92474097 0.66475545 0.53882656
 0.69027647 0.84441383 0.69408557 0.97284754 1.         0.92471458
 0.95130854 0.92932175 0.95577432 0.95130854]
items are [0.5        1.         0.97928556 0.89452362 0.73938304 0.55950856
 0.94767252 0.78180853 0.81263381 0.74190028 0.83899699 0.8698132
 0.97928556 0.95152315 0.93555254 0.97928556]
items are [0.5        1.         0.93861446 0.90314232 0.6636261  0.5386478
 0.75988036 0.80396271 0.7293734  0.70061788 0.80503086 0.8434868
 0.93861446 0.92774293 0.95590915 0.93861446]
items are [0.83333333 1.         0.92594106 0.88704352 0.65445437 0.55330511
 0.69641034 0.81305906 0.66410343 0.70990131 0.7788836  0.82281083
 0.92594106 0.91492094 0.96426743 0.92594106]
items are [0.83333333 1.         0.92545777 0.89928663 0.6417181  0.55306744
 0.70682419 0.80914347 0.61904794 0.68826548 0.7885814  0.82742879
 0.92545777 0.89711575 0.96066955 0.92545777]
items are [0.16666667 0.66666667 1.         0.94914572 0.72330637 0.55451415
 1.         0.78489901 1.         0.72971921 0.84393231 0.8799332
 1.         1.         0.93839227 1.        ]
items are [0.         1.         0.96573899 0.96109025 0.64652755 0.58277624
 0.72223634 0.84870172 0.77414682 0.77576753 0.87516645 0.87997169
 0.96573899 0.90383932 0.99701807 0.96573899]
items are [0.66666667 1.         0.97680321 1.         0.63534992 0.5424503
 0.63779904 0.89341331 0.66356718 0.87302197 0.96506781 0.94773
 0.97680321 0.8882131  0.88311273 0.97680321]
items are [1.         1.         0.05241718 0.04024143 0.04662477 0.03211743
 0.13441412 0.01044403 0.13299332 0.08104891 0.07145487 0.05822379
 0.05241718 0.06518098 0.1861132  0.05241718]
items are [1.         1.         0.00536505 0.00396078 0.00490898 0.00338155
 0.01404057 0.00109962 0.         0.00843466 0.00740465 0.00600094
 0.00536505 0.00686271 0.         0.00536505]
items are [0.00000000e+00 0.00000000e+00 0.00000000e+00 0.00000000e+00
 0.00000000e+00 0.00000000e+00 3.91946306e-15 0.00000000e+00
 4.34984752e-17 0.00000000e+00 0.00000000e+00 0.00000000e+00
 0.00000000e+00 0.00000000e+00 7.05115500e-17 0.00000000e+00]
items are [0.5        1.         0.931136   0.89188843 0.65216911 0.58963167
 0.71024527 0.81376131 0.69208963 0.69951352 0.77835499 0.82243432
 0.931136   0.91172617 0.9649127  0.931136  ]
items are [0.5        0.66666667 0.94453612 0.94329285 0.62487414 0.59312228
 0.67746287 0.83960033 0.86036256 0.70912714 0.81150993 0.84109773
 0.94453612 0.87356807 0.93803228 0.94453612]
items are [0.83333333 1.         0.9693413  0.93421713 0.68307638 0.56066685
 0.97597928 0.76216126 0.5881618  0.76489628 0.85336259 0.87029559
 0.9693413  0.95493424 0.91749944 0.9693413 ]
items are [0.83333333 1.         0.92495582 0.89937199 0.63477223 0.58573684
 0.69309855 0.81300106 0.6766701  0.70347888 0.80314092 0.82848461
 0.92495582 0.88740549 0.95968184 0.92495582]
items are [0.         1.         0.92477908 0.89367401 0.64403291 0.56381322
 0.71977092 0.80198348 0.7870062  0.68060453 0.77488134 0.81916884
 0.92477908 0.90035185 0.95409052 0.92477908]
items are [0.16666667 0.66666667 0.92021483 0.93741235 0.60477823 0.50175716
 0.27431265 0.96267456 0.42946466 0.13357504 0.56656912 0.75215139
 0.92021483 0.84547418 0.37982026 0.24706782]
items are [6.66666667e-01 6.66666667e-01 8.70128999e-01 8.72460815e-01
 5.87540603e-01 4.62974686e-01 0.00000000e+00 1.00000000e+00
 9.02496753e-01 5.79841923e-01 6.85024396e-01 7.65441843e-01
 8.70128999e-01 8.21376134e-01 3.14354898e-16 8.65175381e-01]
items are [0.5        0.66666667 0.96047559 0.62387094 1.         0.39728204
 0.80278376 0.81254032 0.84345674 0.71437665 0.81638372 0.85121801
 0.96047559 0.71132019 0.96379078 0.96047559]
items are [0.5        1.         0.97803273 0.94493281 0.68233565 0.59072624
 0.97671582 0.77312553 0.47060872 0.78359572 0.88232111 0.88090986
 0.97803273 0.9538987  0.76286239 0.97803273]
items are [0.         0.66666667 0.92187519 0.87653194 0.6540294  0.57271621
 0.65541572 0.82298871 0.69541274 0.84987969 0.95585404 1.
 0.92187519 0.91432684 0.90750523 0.92187519]
items are [0.5        1.         0.95024667 0.93810579 0.646694   0.55616347
 0.64871838 0.8588388  0.6433228  0.7185055  0.80953303 0.84965689
 0.95024667 0.90407202 0.89823193 0.95024667]
items are [0.5        1.         0.9146639  0.88319996 0.64796493 0.50144344
 0.70707952 0.79528447 0.74629436 0.63453536 0.73393616 0.80162835
 0.9146639  0.90584877 0.94793506 0.9146639 ]
items are [0.83333333 1.         0.92823982 0.90281612 0.64288874 0.55447451
 0.69777488 0.81511529 0.67543423 0.69894061 0.7879574  0.82770723
 0.92823982 0.8987523  0.96615681 0.92823982]
items are [0.83333333 1.         0.96539394 0.94785838 0.66599388 0.54362038
 0.75756634 0.8344868  0.86867093 0.73733537 0.83563732 0.86860859
 0.96539394 0.93105306 0.98395653 0.96539394]
items are [0.         0.66666667 0.94536063 0.89132224 0.67882102 0.58304778
 0.79846282 0.79576093 0.92791506 0.743204   0.81138525 0.8463814
 0.94536063 0.94868194 0.94837286 0.94536063]
items are [0.16666667 1.         0.96835366 0.94635764 0.66451669 0.58794813
 0.72150377 0.85087219 0.88892041 0.76479287 0.84852816 0.86929169
 0.96835366 0.92898797 0.99901243 0.96835366]
items are [0.66666667 1.         0.9540392  0.93511648 0.65550431 0.56020717
 0.69661024 0.84396499 0.82681715 0.73496018 0.83918621 0.86279135
 0.9540392  0.91638874 0.96454422 0.9540392 ]
total number of items 45
first resposne is [[0, 1, -1]]
args first resposne is [[0, 1, -1]]
first resposne now is [0, 1, -1]
args first resposne now is [0, 1, -1]
processing num: 0 

gamma is 0.09061938024368234
Bmat [[ 1.  0.  0.  0.  0.  0.  0.  0.  0.  0.  0.  0.  0.  0.  0.  0.]
 [ 0.  1.  0.  0.  0.  0.  0.  0.  0.  0.  0.  0.  0.  0.  0.  0.]
 [ 0.  0.  1.  0.  0.  0.  0.  0.  0.  0.  0.  0.  0.  0.  0.  0.]
 [ 0.  0.  0.  1.  0.  0.  0.  0.  0.  0.  0.  0.  0.  0.  0.  0.]
 [ 0.  0.  0.  0.  1.  0.  0.  0.  0.  0.  0.  0.  0.  0.  0.  0.]
 [ 0.  0.  0.  0.  0.  1.  0.  0.  0.  0.  0.  0.  0.  0.  0.  0.]
 [ 0.  0.  0.  0.  0.  0.  1.  0.  0.  0.  0.  0.  0.  0.  0.  0.]
 [ 0.  0.  0.  0.  0.  0.  0.  1.  0.  0.  0.  0.  0.  0.  0.  0.]
 [ 0.  0.  0.  0.  0.  0.  0.  0.  1.  0.  0.  0.  0.  0.  0.  0.]
 [ 0.  0.  0.  0.  0.  0.  0.  0.  0.  1.  0.  0.  0.  0.  0.  0.]
 [ 0.  0.  0.  0.  0.  0.  0.  0.  0.  0.  1.  0.  0.  0.  0.  0.]
 [ 0.  0.  0.  0.  0.  0.  0.  0.  0.  0.  0.  1.  0.  0.  0.  0.]
 [ 0.  0.  0.  0.  0.  0.  0.  0.  0.  0.  0.  0.  1.  0.  0.  0.]
 [ 0.  0.  0.  0.  0.  0.  0.  0.  0.  0.  0.  0.  0.  1.  0.  0.]
 [ 0.  0.  0.  0.  0.  0.  0.  0.  0.  0.  0.  0.  0.  0.  1.  0.]
 [ 0.  0.  0.  0.  0.  0.  0.  0.  0.  0.  0.  0.  0.  0.  0.  1.]
 [-1. -0. -0. -0. -0. -0. -0. -0. -0. -0. -0. -0. -0. -0. -0. -0.]
 [-0. -1. -0. -0. -0. -0. -0. -0. -0. -0. -0. -0. -0. -0. -0. -0.]
 [-0. -0. -1. -0. -0. -0. -0. -0. -0. -0. -0. -0. -0. -0. -0. -0.]
 [-0. -0. -0. -1. -0. -0. -0. -0. -0. -0. -0. -0. -0. -0. -0. -0.]
 [-0. -0. -0. -0. -1. -0. -0. -0. -0. -0. -0. -0. -0. -0. -0. -0.]
 [-0. -0. -0. -0. -0. -1. -0. -0. -0. -0. -0. -0. -0. -0. -0. -0.]
 [-0. -0. -0. -0. -0. -0. -1. -0. -0. -0. -0. -0. -0. -0. -0. -0.]
 [-0. -0. -0. -0. -0. -0. -0. -1. -0. -0. -0. -0. -0. -0. -0. -0.]
 [-0. -0. -0. -0. -0. -0. -0. -0. -1. -0. -0. -0. -0. -0. -0. -0.]
 [-0. -0. -0. -0. -0. -0. -0. -0. -0. -1. -0. -0. -0. -0. -0. -0.]
 [-0. -0. -0. -0. -0. -0. -0. -0. -0. -0. -1. -0. -0. -0. -0. -0.]
 [-0. -0. -0. -0. -0. -0. -0. -0. -0. -0. -0. -1. -0. -0. -0. -0.]
 [-0. -0. -0. -0. -0. -0. -0. -0. -0. -0. -0. -0. -1. -0. -0. -0.]
 [-0. -0. -0. -0. -0. -0. -0. -0. -0. -0. -0. -0. -0. -1. -0. -0.]
 [-0. -0. -0. -0. -0. -0. -0. -0. -0. -0. -0. -0. -0. -0. -1. -0.]
 [-0. -0. -0. -0. -0. -0. -0. -0. -0. -0. -0. -0. -0. -0. -0. -1.]]
[ 0.  0.  0.  0.  0.  0.  0.  0.  0.  0.  0.  0.  0.  0.  0.  0. -1. -1.
 -1. -1. -1. -1. -1. -1. -1. -1. -1. -1. -1. -1. -1. -1.]
B mat is [[ 1.  0.  0.  0.  0.  0.  0.  0.  0.  0.  0.  0.  0.  0.  0.  0.]
 [ 0.  1.  0.  0.  0.  0.  0.  0.  0.  0.  0.  0.  0.  0.  0.  0.]
 [ 0.  0.  1.  0.  0.  0.  0.  0.  0.  0.  0.  0.  0.  0.  0.  0.]
 [ 0.  0.  0.  1.  0.  0.  0.  0.  0.  0.  0.  0.  0.  0.  0.  0.]
 [ 0.  0.  0.  0.  1.  0.  0.  0.  0.  0.  0.  0.  0.  0.  0.  0.]
 [ 0.  0.  0.  0.  0.  1.  0.  0.  0.  0.  0.  0.  0.  0.  0.  0.]
 [ 0.  0.  0.  0.  0.  0.  1.  0.  0.  0.  0.  0.  0.  0.  0.  0.]
 [ 0.  0.  0.  0.  0.  0.  0.  1.  0.  0.  0.  0.  0.  0.  0.  0.]
 [ 0.  0.  0.  0.  0.  0.  0.  0.  1.  0.  0.  0.  0.  0.  0.  0.]
 [ 0.  0.  0.  0.  0.  0.  0.  0.  0.  1.  0.  0.  0.  0.  0.  0.]
 [ 0.  0.  0.  0.  0.  0.  0.  0.  0.  0.  1.  0.  0.  0.  0.  0.]
 [ 0.  0.  0.  0.  0.  0.  0.  0.  0.  0.  0.  1.  0.  0.  0.  0.]
 [ 0.  0.  0.  0.  0.  0.  0.  0.  0.  0.  0.  0.  1.  0.  0.  0.]
 [ 0.  0.  0.  0.  0.  0.  0.  0.  0.  0.  0.  0.  0.  1.  0.  0.]
 [ 0.  0.  0.  0.  0.  0.  0.  0.  0.  0.  0.  0.  0.  0.  1.  0.]
 [ 0.  0.  0.  0.  0.  0.  0.  0.  0.  0.  0.  0.  0.  0.  0.  1.]
 [-1. -0. -0. -0. -0. -0. -0. -0. -0. -0. -0. -0. -0. -0. -0. -0.]
 [-0. -1. -0. -0. -0. -0. -0. -0. -0. -0. -0. -0. -0. -0. -0. -0.]
 [-0. -0. -1. -0. -0. -0. -0. -0. -0. -0. -0. -0. -0. -0. -0. -0.]
 [-0. -0. -0. -1. -0. -0. -0. -0. -0. -0. -0. -0. -0. -0. -0. -0.]
 [-0. -0. -0. -0. -1. -0. -0. -0. -0. -0. -0. -0. -0. -0. -0. -0.]
 [-0. -0. -0. -0. -0. -1. -0. -0. -0. -0. -0. -0. -0. -0. -0. -0.]
 [-0. -0. -0. -0. -0. -0. -1. -0. -0. -0. -0. -0. -0. -0. -0. -0.]
 [-0. -0. -0. -0. -0. -0. -0. -1. -0. -0. -0. -0. -0. -0. -0. -0.]
 [-0. -0. -0. -0. -0. -0. -0. -0. -1. -0. -0. -0. -0. -0. -0. -0.]
 [-0. -0. -0. -0. -0. -0. -0. -0. -0. -1. -0. -0. -0. -0. -0. -0.]
 [-0. -0. -0. -0. -0. -0. -0. -0. -0. -0. -1. -0. -0. -0. -0. -0.]
 [-0. -0. -0. -0. -0. -0. -0. -0. -0. -0. -0. -1. -0. -0. -0. -0.]
 [-0. -0. -0. -0. -0. -0. -0. -0. -0. -0. -0. -0. -1. -0. -0. -0.]
 [-0. -0. -0. -0. -0. -0. -0. -0. -0. -0. -0. -0. -0. -1. -0. -0.]
 [-0. -0. -0. -0. -0. -0. -0. -0. -0. -0. -0. -0. -0. -0. -1. -0.]
 [-0. -0. -0. -0. -0. -0. -0. -0. -0. -0. -0. -0. -0. -0. -0. -1.]]
b vec [ 0.  0.  0.  0.  0.  0.  0.  0.  0.  0.  0.  0.  0.  0.  0.  0. -1. -1.
 -1. -1. -1. -1. -1. -1. -1. -1. -1. -1. -1. -1. -1. -1.]
Set parameter TokenServer to value "hpc-licenses.hpcc.usc.edu"
[2023-10-04 00:25:43,262] [query_look_up_table_new_fix_first_response.py:create_query_lookup_table] : response number: 1
[2023-10-04 00:34:47,650] [query_look_up_table_new_fix_first_response.py:create_query_lookup_table] : response number: 2
[2023-10-04 00:41:56,607] [query_look_up_table_new_fix_first_response.py:create_query_lookup_table] : response number: 3
[2023-10-04 00:49:50,163] [query_look_up_table_new_fix_first_response.py:create_query_lookup_table] : response number: 4
[2023-10-04 00:58:24,618] [query_look_up_table_new_fix_first_response.py:create_query_lookup_table] : response number: 5
[2023-10-04 01:07:29,820] [query_look_up_table_new_fix_first_response.py:create_query_lookup_table] : response number: 6
obj value 0.5496440291382808
() : (10, 18)
len 3
[0, 1, -1]
first response before [0, 1, -1]
first response after [1, -1]
processing num: 1 

aq [(10, 18, 0)]
gamma is 0.12815515655446008
Bmat [[ 1.  0.  0.  0.  0.  0.  0.  0.  0.  0.  0.  0.  0.  0.  0.  0.]
 [ 0.  1.  0.  0.  0.  0.  0.  0.  0.  0.  0.  0.  0.  0.  0.  0.]
 [ 0.  0.  1.  0.  0.  0.  0.  0.  0.  0.  0.  0.  0.  0.  0.  0.]
 [ 0.  0.  0.  1.  0.  0.  0.  0.  0.  0.  0.  0.  0.  0.  0.  0.]
 [ 0.  0.  0.  0.  1.  0.  0.  0.  0.  0.  0.  0.  0.  0.  0.  0.]
 [ 0.  0.  0.  0.  0.  1.  0.  0.  0.  0.  0.  0.  0.  0.  0.  0.]
 [ 0.  0.  0.  0.  0.  0.  1.  0.  0.  0.  0.  0.  0.  0.  0.  0.]
 [ 0.  0.  0.  0.  0.  0.  0.  1.  0.  0.  0.  0.  0.  0.  0.  0.]
 [ 0.  0.  0.  0.  0.  0.  0.  0.  1.  0.  0.  0.  0.  0.  0.  0.]
 [ 0.  0.  0.  0.  0.  0.  0.  0.  0.  1.  0.  0.  0.  0.  0.  0.]
 [ 0.  0.  0.  0.  0.  0.  0.  0.  0.  0.  1.  0.  0.  0.  0.  0.]
 [ 0.  0.  0.  0.  0.  0.  0.  0.  0.  0.  0.  1.  0.  0.  0.  0.]
 [ 0.  0.  0.  0.  0.  0.  0.  0.  0.  0.  0.  0.  1.  0.  0.  0.]
 [ 0.  0.  0.  0.  0.  0.  0.  0.  0.  0.  0.  0.  0.  1.  0.  0.]
 [ 0.  0.  0.  0.  0.  0.  0.  0.  0.  0.  0.  0.  0.  0.  1.  0.]
 [ 0.  0.  0.  0.  0.  0.  0.  0.  0.  0.  0.  0.  0.  0.  0.  1.]
 [-1. -0. -0. -0. -0. -0. -0. -0. -0. -0. -0. -0. -0. -0. -0. -0.]
 [-0. -1. -0. -0. -0. -0. -0. -0. -0. -0. -0. -0. -0. -0. -0. -0.]
 [-0. -0. -1. -0. -0. -0. -0. -0. -0. -0. -0. -0. -0. -0. -0. -0.]
 [-0. -0. -0. -1. -0. -0. -0. -0. -0. -0. -0. -0. -0. -0. -0. -0.]
 [-0. -0. -0. -0. -1. -0. -0. -0. -0. -0. -0. -0. -0. -0. -0. -0.]
 [-0. -0. -0. -0. -0. -1. -0. -0. -0. -0. -0. -0. -0. -0. -0. -0.]
 [-0. -0. -0. -0. -0. -0. -1. -0. -0. -0. -0. -0. -0. -0. -0. -0.]
 [-0. -0. -0. -0. -0. -0. -0. -1. -0. -0. -0. -0. -0. -0. -0. -0.]
 [-0. -0. -0. -0. -0. -0. -0. -0. -1. -0. -0. -0. -0. -0. -0. -0.]
 [-0. -0. -0. -0. -0. -0. -0. -0. -0. -1. -0. -0. -0. -0. -0. -0.]
 [-0. -0. -0. -0. -0. -0. -0. -0. -0. -0. -1. -0. -0. -0. -0. -0.]
 [-0. -0. -0. -0. -0. -0. -0. -0. -0. -0. -0. -1. -0. -0. -0. -0.]
 [-0. -0. -0. -0. -0. -0. -0. -0. -0. -0. -0. -0. -1. -0. -0. -0.]
 [-0. -0. -0. -0. -0. -0. -0. -0. -0. -0. -0. -0. -0. -1. -0. -0.]
 [-0. -0. -0. -0. -0. -0. -0. -0. -0. -0. -0. -0. -0. -0. -1. -0.]
 [-0. -0. -0. -0. -0. -0. -0. -0. -0. -0. -0. -0. -0. -0. -0. -1.]]
[ 0.  0.  0.  0.  0.  0.  0.  0.  0.  0.  0.  0.  0.  0.  0.  0. -1. -1.
 -1. -1. -1. -1. -1. -1. -1. -1. -1. -1. -1. -1. -1. -1.]
B mat is [[ 1.  0.  0.  0.  0.  0.  0.  0.  0.  0.  0.  0.  0.  0.  0.  0.]
 [ 0.  1.  0.  0.  0.  0.  0.  0.  0.  0.  0.  0.  0.  0.  0.  0.]
 [ 0.  0.  1.  0.  0.  0.  0.  0.  0.  0.  0.  0.  0.  0.  0.  0.]
 [ 0.  0.  0.  1.  0.  0.  0.  0.  0.  0.  0.  0.  0.  0.  0.  0.]
 [ 0.  0.  0.  0.  1.  0.  0.  0.  0.  0.  0.  0.  0.  0.  0.  0.]
 [ 0.  0.  0.  0.  0.  1.  0.  0.  0.  0.  0.  0.  0.  0.  0.  0.]
 [ 0.  0.  0.  0.  0.  0.  1.  0.  0.  0.  0.  0.  0.  0.  0.  0.]
 [ 0.  0.  0.  0.  0.  0.  0.  1.  0.  0.  0.  0.  0.  0.  0.  0.]
 [ 0.  0.  0.  0.  0.  0.  0.  0.  1.  0.  0.  0.  0.  0.  0.  0.]
 [ 0.  0.  0.  0.  0.  0.  0.  0.  0.  1.  0.  0.  0.  0.  0.  0.]
 [ 0.  0.  0.  0.  0.  0.  0.  0.  0.  0.  1.  0.  0.  0.  0.  0.]
 [ 0.  0.  0.  0.  0.  0.  0.  0.  0.  0.  0.  1.  0.  0.  0.  0.]
 [ 0.  0.  0.  0.  0.  0.  0.  0.  0.  0.  0.  0.  1.  0.  0.  0.]
 [ 0.  0.  0.  0.  0.  0.  0.  0.  0.  0.  0.  0.  0.  1.  0.  0.]
 [ 0.  0.  0.  0.  0.  0.  0.  0.  0.  0.  0.  0.  0.  0.  1.  0.]
 [ 0.  0.  0.  0.  0.  0.  0.  0.  0.  0.  0.  0.  0.  0.  0.  1.]
 [-1. -0. -0. -0. -0. -0. -0. -0. -0. -0. -0. -0. -0. -0. -0. -0.]
 [-0. -1. -0. -0. -0. -0. -0. -0. -0. -0. -0. -0. -0. -0. -0. -0.]
 [-0. -0. -1. -0. -0. -0. -0. -0. -0. -0. -0. -0. -0. -0. -0. -0.]
 [-0. -0. -0. -1. -0. -0. -0. -0. -0. -0. -0. -0. -0. -0. -0. -0.]
 [-0. -0. -0. -0. -1. -0. -0. -0. -0. -0. -0. -0. -0. -0. -0. -0.]
 [-0. -0. -0. -0. -0. -1. -0. -0. -0. -0. -0. -0. -0. -0. -0. -0.]
 [-0. -0. -0. -0. -0. -0. -1. -0. -0. -0. -0. -0. -0. -0. -0. -0.]
 [-0. -0. -0. -0. -0. -0. -0. -1. -0. -0. -0. -0. -0. -0. -0. -0.]
 [-0. -0. -0. -0. -0. -0. -0. -0. -1. -0. -0. -0. -0. -0. -0. -0.]
 [-0. -0. -0. -0. -0. -0. -0. -0. -0. -1. -0. -0. -0. -0. -0. -0.]
 [-0. -0. -0. -0. -0. -0. -0. -0. -0. -0. -1. -0. -0. -0. -0. -0.]
 [-0. -0. -0. -0. -0. -0. -0. -0. -0. -0. -0. -1. -0. -0. -0. -0.]
 [-0. -0. -0. -0. -0. -0. -0. -0. -0. -0. -0. -0. -1. -0. -0. -0.]
 [-0. -0. -0. -0. -0. -0. -0. -0. -0. -0. -0. -0. -0. -1. -0. -0.]
 [-0. -0. -0. -0. -0. -0. -0. -0. -0. -0. -0. -0. -0. -0. -1. -0.]
 [-0. -0. -0. -0. -0. -0. -0. -0. -0. -0. -0. -0. -0. -0. -0. -1.]]
b vec [ 0.  0.  0.  0.  0.  0.  0.  0.  0.  0.  0.  0.  0.  0.  0.  0. -1. -1.
 -1. -1. -1. -1. -1. -1. -1. -1. -1. -1. -1. -1. -1. -1.]
obj value 0.47144691297589725
((10, 18, 0),) : (8, 22)
len 3
[0, 1, -1]
first response before [1, -1]
first response after [-1]
processing num: 2 

aq [(10, 18, 0), (8, 22, 1)]
gamma is 0.15695737073246116
Bmat [[ 1.  0.  0.  0.  0.  0.  0.  0.  0.  0.  0.  0.  0.  0.  0.  0.]
 [ 0.  1.  0.  0.  0.  0.  0.  0.  0.  0.  0.  0.  0.  0.  0.  0.]
 [ 0.  0.  1.  0.  0.  0.  0.  0.  0.  0.  0.  0.  0.  0.  0.  0.]
 [ 0.  0.  0.  1.  0.  0.  0.  0.  0.  0.  0.  0.  0.  0.  0.  0.]
 [ 0.  0.  0.  0.  1.  0.  0.  0.  0.  0.  0.  0.  0.  0.  0.  0.]
 [ 0.  0.  0.  0.  0.  1.  0.  0.  0.  0.  0.  0.  0.  0.  0.  0.]
 [ 0.  0.  0.  0.  0.  0.  1.  0.  0.  0.  0.  0.  0.  0.  0.  0.]
 [ 0.  0.  0.  0.  0.  0.  0.  1.  0.  0.  0.  0.  0.  0.  0.  0.]
 [ 0.  0.  0.  0.  0.  0.  0.  0.  1.  0.  0.  0.  0.  0.  0.  0.]
 [ 0.  0.  0.  0.  0.  0.  0.  0.  0.  1.  0.  0.  0.  0.  0.  0.]
 [ 0.  0.  0.  0.  0.  0.  0.  0.  0.  0.  1.  0.  0.  0.  0.  0.]
 [ 0.  0.  0.  0.  0.  0.  0.  0.  0.  0.  0.  1.  0.  0.  0.  0.]
 [ 0.  0.  0.  0.  0.  0.  0.  0.  0.  0.  0.  0.  1.  0.  0.  0.]
 [ 0.  0.  0.  0.  0.  0.  0.  0.  0.  0.  0.  0.  0.  1.  0.  0.]
 [ 0.  0.  0.  0.  0.  0.  0.  0.  0.  0.  0.  0.  0.  0.  1.  0.]
 [ 0.  0.  0.  0.  0.  0.  0.  0.  0.  0.  0.  0.  0.  0.  0.  1.]
 [-1. -0. -0. -0. -0. -0. -0. -0. -0. -0. -0. -0. -0. -0. -0. -0.]
 [-0. -1. -0. -0. -0. -0. -0. -0. -0. -0. -0. -0. -0. -0. -0. -0.]
 [-0. -0. -1. -0. -0. -0. -0. -0. -0. -0. -0. -0. -0. -0. -0. -0.]
 [-0. -0. -0. -1. -0. -0. -0. -0. -0. -0. -0. -0. -0. -0. -0. -0.]
 [-0. -0. -0. -0. -1. -0. -0. -0. -0. -0. -0. -0. -0. -0. -0. -0.]
 [-0. -0. -0. -0. -0. -1. -0. -0. -0. -0. -0. -0. -0. -0. -0. -0.]
 [-0. -0. -0. -0. -0. -0. -1. -0. -0. -0. -0. -0. -0. -0. -0. -0.]
 [-0. -0. -0. -0. -0. -0. -0. -1. -0. -0. -0. -0. -0. -0. -0. -0.]
 [-0. -0. -0. -0. -0. -0. -0. -0. -1. -0. -0. -0. -0. -0. -0. -0.]
 [-0. -0. -0. -0. -0. -0. -0. -0. -0. -1. -0. -0. -0. -0. -0. -0.]
 [-0. -0. -0. -0. -0. -0. -0. -0. -0. -0. -1. -0. -0. -0. -0. -0.]
 [-0. -0. -0. -0. -0. -0. -0. -0. -0. -0. -0. -1. -0. -0. -0. -0.]
 [-0. -0. -0. -0. -0. -0. -0. -0. -0. -0. -0. -0. -1. -0. -0. -0.]
 [-0. -0. -0. -0. -0. -0. -0. -0. -0. -0. -0. -0. -0. -1. -0. -0.]
 [-0. -0. -0. -0. -0. -0. -0. -0. -0. -0. -0. -0. -0. -0. -1. -0.]
 [-0. -0. -0. -0. -0. -0. -0. -0. -0. -0. -0. -0. -0. -0. -0. -1.]]
[ 0.  0.  0.  0.  0.  0.  0.  0.  0.  0.  0.  0.  0.  0.  0.  0. -1. -1.
 -1. -1. -1. -1. -1. -1. -1. -1. -1. -1. -1. -1. -1. -1.]
B mat is [[ 1.  0.  0.  0.  0.  0.  0.  0.  0.  0.  0.  0.  0.  0.  0.  0.]
 [ 0.  1.  0.  0.  0.  0.  0.  0.  0.  0.  0.  0.  0.  0.  0.  0.]
 [ 0.  0.  1.  0.  0.  0.  0.  0.  0.  0.  0.  0.  0.  0.  0.  0.]
 [ 0.  0.  0.  1.  0.  0.  0.  0.  0.  0.  0.  0.  0.  0.  0.  0.]
 [ 0.  0.  0.  0.  1.  0.  0.  0.  0.  0.  0.  0.  0.  0.  0.  0.]
 [ 0.  0.  0.  0.  0.  1.  0.  0.  0.  0.  0.  0.  0.  0.  0.  0.]
 [ 0.  0.  0.  0.  0.  0.  1.  0.  0.  0.  0.  0.  0.  0.  0.  0.]
 [ 0.  0.  0.  0.  0.  0.  0.  1.  0.  0.  0.  0.  0.  0.  0.  0.]
 [ 0.  0.  0.  0.  0.  0.  0.  0.  1.  0.  0.  0.  0.  0.  0.  0.]
 [ 0.  0.  0.  0.  0.  0.  0.  0.  0.  1.  0.  0.  0.  0.  0.  0.]
 [ 0.  0.  0.  0.  0.  0.  0.  0.  0.  0.  1.  0.  0.  0.  0.  0.]
 [ 0.  0.  0.  0.  0.  0.  0.  0.  0.  0.  0.  1.  0.  0.  0.  0.]
 [ 0.  0.  0.  0.  0.  0.  0.  0.  0.  0.  0.  0.  1.  0.  0.  0.]
 [ 0.  0.  0.  0.  0.  0.  0.  0.  0.  0.  0.  0.  0.  1.  0.  0.]
 [ 0.  0.  0.  0.  0.  0.  0.  0.  0.  0.  0.  0.  0.  0.  1.  0.]
 [ 0.  0.  0.  0.  0.  0.  0.  0.  0.  0.  0.  0.  0.  0.  0.  1.]
 [-1. -0. -0. -0. -0. -0. -0. -0. -0. -0. -0. -0. -0. -0. -0. -0.]
 [-0. -1. -0. -0. -0. -0. -0. -0. -0. -0. -0. -0. -0. -0. -0. -0.]
 [-0. -0. -1. -0. -0. -0. -0. -0. -0. -0. -0. -0. -0. -0. -0. -0.]
 [-0. -0. -0. -1. -0. -0. -0. -0. -0. -0. -0. -0. -0. -0. -0. -0.]
 [-0. -0. -0. -0. -1. -0. -0. -0. -0. -0. -0. -0. -0. -0. -0. -0.]
 [-0. -0. -0. -0. -0. -1. -0. -0. -0. -0. -0. -0. -0. -0. -0. -0.]
 [-0. -0. -0. -0. -0. -0. -1. -0. -0. -0. -0. -0. -0. -0. -0. -0.]
 [-0. -0. -0. -0. -0. -0. -0. -1. -0. -0. -0. -0. -0. -0. -0. -0.]
 [-0. -0. -0. -0. -0. -0. -0. -0. -1. -0. -0. -0. -0. -0. -0. -0.]
 [-0. -0. -0. -0. -0. -0. -0. -0. -0. -1. -0. -0. -0. -0. -0. -0.]
 [-0. -0. -0. -0. -0. -0. -0. -0. -0. -0. -1. -0. -0. -0. -0. -0.]
 [-0. -0. -0. -0. -0. -0. -0. -0. -0. -0. -0. -1. -0. -0. -0. -0.]
 [-0. -0. -0. -0. -0. -0. -0. -0. -0. -0. -0. -0. -1. -0. -0. -0.]
 [-0. -0. -0. -0. -0. -0. -0. -0. -0. -0. -0. -0. -0. -1. -0. -0.]
 [-0. -0. -0. -0. -0. -0. -0. -0. -0. -0. -0. -0. -0. -0. -1. -0.]
 [-0. -0. -0. -0. -0. -0. -0. -0. -0. -0. -0. -0. -0. -0. -0. -1.]]
b vec [ 0.  0.  0.  0.  0.  0.  0.  0.  0.  0.  0.  0.  0.  0.  0.  0. -1. -1.
 -1. -1. -1. -1. -1. -1. -1. -1. -1. -1. -1. -1. -1. -1.]
obj value 0.46057898818008375
((10, 18, 0), (8, 22, 1)) : (12, 31)
len 3
[0, 1, -1]
first response before [-1]
first response after []
processing num: 3 

aq [(10, 18, 0), (8, 22, 1), (12, 31, -1)]
gamma is 0.18123876048736468
Bmat [[ 1.  0.  0.  0.  0.  0.  0.  0.  0.  0.  0.  0.  0.  0.  0.  0.]
 [ 0.  1.  0.  0.  0.  0.  0.  0.  0.  0.  0.  0.  0.  0.  0.  0.]
 [ 0.  0.  1.  0.  0.  0.  0.  0.  0.  0.  0.  0.  0.  0.  0.  0.]
 [ 0.  0.  0.  1.  0.  0.  0.  0.  0.  0.  0.  0.  0.  0.  0.  0.]
 [ 0.  0.  0.  0.  1.  0.  0.  0.  0.  0.  0.  0.  0.  0.  0.  0.]
 [ 0.  0.  0.  0.  0.  1.  0.  0.  0.  0.  0.  0.  0.  0.  0.  0.]
 [ 0.  0.  0.  0.  0.  0.  1.  0.  0.  0.  0.  0.  0.  0.  0.  0.]
 [ 0.  0.  0.  0.  0.  0.  0.  1.  0.  0.  0.  0.  0.  0.  0.  0.]
 [ 0.  0.  0.  0.  0.  0.  0.  0.  1.  0.  0.  0.  0.  0.  0.  0.]
 [ 0.  0.  0.  0.  0.  0.  0.  0.  0.  1.  0.  0.  0.  0.  0.  0.]
 [ 0.  0.  0.  0.  0.  0.  0.  0.  0.  0.  1.  0.  0.  0.  0.  0.]
 [ 0.  0.  0.  0.  0.  0.  0.  0.  0.  0.  0.  1.  0.  0.  0.  0.]
 [ 0.  0.  0.  0.  0.  0.  0.  0.  0.  0.  0.  0.  1.  0.  0.  0.]
 [ 0.  0.  0.  0.  0.  0.  0.  0.  0.  0.  0.  0.  0.  1.  0.  0.]
 [ 0.  0.  0.  0.  0.  0.  0.  0.  0.  0.  0.  0.  0.  0.  1.  0.]
 [ 0.  0.  0.  0.  0.  0.  0.  0.  0.  0.  0.  0.  0.  0.  0.  1.]
 [-1. -0. -0. -0. -0. -0. -0. -0. -0. -0. -0. -0. -0. -0. -0. -0.]
 [-0. -1. -0. -0. -0. -0. -0. -0. -0. -0. -0. -0. -0. -0. -0. -0.]
 [-0. -0. -1. -0. -0. -0. -0. -0. -0. -0. -0. -0. -0. -0. -0. -0.]
 [-0. -0. -0. -1. -0. -0. -0. -0. -0. -0. -0. -0. -0. -0. -0. -0.]
 [-0. -0. -0. -0. -1. -0. -0. -0. -0. -0. -0. -0. -0. -0. -0. -0.]
 [-0. -0. -0. -0. -0. -1. -0. -0. -0. -0. -0. -0. -0. -0. -0. -0.]
 [-0. -0. -0. -0. -0. -0. -1. -0. -0. -0. -0. -0. -0. -0. -0. -0.]
 [-0. -0. -0. -0. -0. -0. -0. -1. -0. -0. -0. -0. -0. -0. -0. -0.]
 [-0. -0. -0. -0. -0. -0. -0. -0. -1. -0. -0. -0. -0. -0. -0. -0.]
 [-0. -0. -0. -0. -0. -0. -0. -0. -0. -1. -0. -0. -0. -0. -0. -0.]
 [-0. -0. -0. -0. -0. -0. -0. -0. -0. -0. -1. -0. -0. -0. -0. -0.]
 [-0. -0. -0. -0. -0. -0. -0. -0. -0. -0. -0. -1. -0. -0. -0. -0.]
 [-0. -0. -0. -0. -0. -0. -0. -0. -0. -0. -0. -0. -1. -0. -0. -0.]
 [-0. -0. -0. -0. -0. -0. -0. -0. -0. -0. -0. -0. -0. -1. -0. -0.]
 [-0. -0. -0. -0. -0. -0. -0. -0. -0. -0. -0. -0. -0. -0. -1. -0.]
 [-0. -0. -0. -0. -0. -0. -0. -0. -0. -0. -0. -0. -0. -0. -0. -1.]]
[ 0.  0.  0.  0.  0.  0.  0.  0.  0.  0.  0.  0.  0.  0.  0.  0. -1. -1.
 -1. -1. -1. -1. -1. -1. -1. -1. -1. -1. -1. -1. -1. -1.]
B mat is [[ 1.  0.  0.  0.  0.  0.  0.  0.  0.  0.  0.  0.  0.  0.  0.  0.]
 [ 0.  1.  0.  0.  0.  0.  0.  0.  0.  0.  0.  0.  0.  0.  0.  0.]
 [ 0.  0.  1.  0.  0.  0.  0.  0.  0.  0.  0.  0.  0.  0.  0.  0.]
 [ 0.  0.  0.  1.  0.  0.  0.  0.  0.  0.  0.  0.  0.  0.  0.  0.]
 [ 0.  0.  0.  0.  1.  0.  0.  0.  0.  0.  0.  0.  0.  0.  0.  0.]
 [ 0.  0.  0.  0.  0.  1.  0.  0.  0.  0.  0.  0.  0.  0.  0.  0.]
 [ 0.  0.  0.  0.  0.  0.  1.  0.  0.  0.  0.  0.  0.  0.  0.  0.]
 [ 0.  0.  0.  0.  0.  0.  0.  1.  0.  0.  0.  0.  0.  0.  0.  0.]
 [ 0.  0.  0.  0.  0.  0.  0.  0.  1.  0.  0.  0.  0.  0.  0.  0.]
 [ 0.  0.  0.  0.  0.  0.  0.  0.  0.  1.  0.  0.  0.  0.  0.  0.]
 [ 0.  0.  0.  0.  0.  0.  0.  0.  0.  0.  1.  0.  0.  0.  0.  0.]
 [ 0.  0.  0.  0.  0.  0.  0.  0.  0.  0.  0.  1.  0.  0.  0.  0.]
 [ 0.  0.  0.  0.  0.  0.  0.  0.  0.  0.  0.  0.  1.  0.  0.  0.]
 [ 0.  0.  0.  0.  0.  0.  0.  0.  0.  0.  0.  0.  0.  1.  0.  0.]
 [ 0.  0.  0.  0.  0.  0.  0.  0.  0.  0.  0.  0.  0.  0.  1.  0.]
 [ 0.  0.  0.  0.  0.  0.  0.  0.  0.  0.  0.  0.  0.  0.  0.  1.]
 [-1. -0. -0. -0. -0. -0. -0. -0. -0. -0. -0. -0. -0. -0. -0. -0.]
 [-0. -1. -0. -0. -0. -0. -0. -0. -0. -0. -0. -0. -0. -0. -0. -0.]
 [-0. -0. -1. -0. -0. -0. -0. -0. -0. -0. -0. -0. -0. -0. -0. -0.]
 [-0. -0. -0. -1. -0. -0. -0. -0. -0. -0. -0. -0. -0. -0. -0. -0.]
 [-0. -0. -0. -0. -1. -0. -0. -0. -0. -0. -0. -0. -0. -0. -0. -0.]
 [-0. -0. -0. -0. -0. -1. -0. -0. -0. -0. -0. -0. -0. -0. -0. -0.]
 [-0. -0. -0. -0. -0. -0. -1. -0. -0. -0. -0. -0. -0. -0. -0. -0.]
 [-0. -0. -0. -0. -0. -0. -0. -1. -0. -0. -0. -0. -0. -0. -0. -0.]
 [-0. -0. -0. -0. -0. -0. -0. -0. -1. -0. -0. -0. -0. -0. -0. -0.]
 [-0. -0. -0. -0. -0. -0. -0. -0. -0. -1. -0. -0. -0. -0. -0. -0.]
 [-0. -0. -0. -0. -0. -0. -0. -0. -0. -0. -1. -0. -0. -0. -0. -0.]
 [-0. -0. -0. -0. -0. -0. -0. -0. -0. -0. -0. -1. -0. -0. -0. -0.]
 [-0. -0. -0. -0. -0. -0. -0. -0. -0. -0. -0. -0. -1. -0. -0. -0.]
 [-0. -0. -0. -0. -0. -0. -0. -0. -0. -0. -0. -0. -0. -1. -0. -0.]
 [-0. -0. -0. -0. -0. -0. -0. -0. -0. -0. -0. -0. -0. -0. -1. -0.]
 [-0. -0. -0. -0. -0. -0. -0. -0. -0. -0. -0. -0. -0. -0. -0. -1.]]
b vec [ 0.  0.  0.  0.  0.  0.  0.  0.  0.  0.  0.  0.  0.  0.  0.  0. -1. -1.
 -1. -1. -1. -1. -1. -1. -1. -1. -1. -1. -1. -1. -1. -1.]
obj value 0.45624405709973154
((10, 18, 0), (8, 22, 1), (12, 31, -1)) : (0, 2)
len 3
[0, 1, -1]
processing num: 4 

aq [(10, 18, 0), (8, 22, 1), (12, 31, -1), (0, 2, -1)]
gamma is 0.20263109430377516
Bmat [[ 1.  0.  0.  0.  0.  0.  0.  0.  0.  0.  0.  0.  0.  0.  0.  0.]
 [ 0.  1.  0.  0.  0.  0.  0.  0.  0.  0.  0.  0.  0.  0.  0.  0.]
 [ 0.  0.  1.  0.  0.  0.  0.  0.  0.  0.  0.  0.  0.  0.  0.  0.]
 [ 0.  0.  0.  1.  0.  0.  0.  0.  0.  0.  0.  0.  0.  0.  0.  0.]
 [ 0.  0.  0.  0.  1.  0.  0.  0.  0.  0.  0.  0.  0.  0.  0.  0.]
 [ 0.  0.  0.  0.  0.  1.  0.  0.  0.  0.  0.  0.  0.  0.  0.  0.]
 [ 0.  0.  0.  0.  0.  0.  1.  0.  0.  0.  0.  0.  0.  0.  0.  0.]
 [ 0.  0.  0.  0.  0.  0.  0.  1.  0.  0.  0.  0.  0.  0.  0.  0.]
 [ 0.  0.  0.  0.  0.  0.  0.  0.  1.  0.  0.  0.  0.  0.  0.  0.]
 [ 0.  0.  0.  0.  0.  0.  0.  0.  0.  1.  0.  0.  0.  0.  0.  0.]
 [ 0.  0.  0.  0.  0.  0.  0.  0.  0.  0.  1.  0.  0.  0.  0.  0.]
 [ 0.  0.  0.  0.  0.  0.  0.  0.  0.  0.  0.  1.  0.  0.  0.  0.]
 [ 0.  0.  0.  0.  0.  0.  0.  0.  0.  0.  0.  0.  1.  0.  0.  0.]
 [ 0.  0.  0.  0.  0.  0.  0.  0.  0.  0.  0.  0.  0.  1.  0.  0.]
 [ 0.  0.  0.  0.  0.  0.  0.  0.  0.  0.  0.  0.  0.  0.  1.  0.]
 [ 0.  0.  0.  0.  0.  0.  0.  0.  0.  0.  0.  0.  0.  0.  0.  1.]
 [-1. -0. -0. -0. -0. -0. -0. -0. -0. -0. -0. -0. -0. -0. -0. -0.]
 [-0. -1. -0. -0. -0. -0. -0. -0. -0. -0. -0. -0. -0. -0. -0. -0.]
 [-0. -0. -1. -0. -0. -0. -0. -0. -0. -0. -0. -0. -0. -0. -0. -0.]
 [-0. -0. -0. -1. -0. -0. -0. -0. -0. -0. -0. -0. -0. -0. -0. -0.]
 [-0. -0. -0. -0. -1. -0. -0. -0. -0. -0. -0. -0. -0. -0. -0. -0.]
 [-0. -0. -0. -0. -0. -1. -0. -0. -0. -0. -0. -0. -0. -0. -0. -0.]
 [-0. -0. -0. -0. -0. -0. -1. -0. -0. -0. -0. -0. -0. -0. -0. -0.]
 [-0. -0. -0. -0. -0. -0. -0. -1. -0. -0. -0. -0. -0. -0. -0. -0.]
 [-0. -0. -0. -0. -0. -0. -0. -0. -1. -0. -0. -0. -0. -0. -0. -0.]
 [-0. -0. -0. -0. -0. -0. -0. -0. -0. -1. -0. -0. -0. -0. -0. -0.]
 [-0. -0. -0. -0. -0. -0. -0. -0. -0. -0. -1. -0. -0. -0. -0. -0.]
 [-0. -0. -0. -0. -0. -0. -0. -0. -0. -0. -0. -1. -0. -0. -0. -0.]
 [-0. -0. -0. -0. -0. -0. -0. -0. -0. -0. -0. -0. -1. -0. -0. -0.]
 [-0. -0. -0. -0. -0. -0. -0. -0. -0. -0. -0. -0. -0. -1. -0. -0.]
 [-0. -0. -0. -0. -0. -0. -0. -0. -0. -0. -0. -0. -0. -0. -1. -0.]
 [-0. -0. -0. -0. -0. -0. -0. -0. -0. -0. -0. -0. -0. -0. -0. -1.]]
[ 0.  0.  0.  0.  0.  0.  0.  0.  0.  0.  0.  0.  0.  0.  0.  0. -1. -1.
 -1. -1. -1. -1. -1. -1. -1. -1. -1. -1. -1. -1. -1. -1.]
B mat is [[ 1.  0.  0.  0.  0.  0.  0.  0.  0.  0.  0.  0.  0.  0.  0.  0.]
 [ 0.  1.  0.  0.  0.  0.  0.  0.  0.  0.  0.  0.  0.  0.  0.  0.]
 [ 0.  0.  1.  0.  0.  0.  0.  0.  0.  0.  0.  0.  0.  0.  0.  0.]
 [ 0.  0.  0.  1.  0.  0.  0.  0.  0.  0.  0.  0.  0.  0.  0.  0.]
 [ 0.  0.  0.  0.  1.  0.  0.  0.  0.  0.  0.  0.  0.  0.  0.  0.]
 [ 0.  0.  0.  0.  0.  1.  0.  0.  0.  0.  0.  0.  0.  0.  0.  0.]
 [ 0.  0.  0.  0.  0.  0.  1.  0.  0.  0.  0.  0.  0.  0.  0.  0.]
 [ 0.  0.  0.  0.  0.  0.  0.  1.  0.  0.  0.  0.  0.  0.  0.  0.]
 [ 0.  0.  0.  0.  0.  0.  0.  0.  1.  0.  0.  0.  0.  0.  0.  0.]
 [ 0.  0.  0.  0.  0.  0.  0.  0.  0.  1.  0.  0.  0.  0.  0.  0.]
 [ 0.  0.  0.  0.  0.  0.  0.  0.  0.  0.  1.  0.  0.  0.  0.  0.]
 [ 0.  0.  0.  0.  0.  0.  0.  0.  0.  0.  0.  1.  0.  0.  0.  0.]
 [ 0.  0.  0.  0.  0.  0.  0.  0.  0.  0.  0.  0.  1.  0.  0.  0.]
 [ 0.  0.  0.  0.  0.  0.  0.  0.  0.  0.  0.  0.  0.  1.  0.  0.]
 [ 0.  0.  0.  0.  0.  0.  0.  0.  0.  0.  0.  0.  0.  0.  1.  0.]
 [ 0.  0.  0.  0.  0.  0.  0.  0.  0.  0.  0.  0.  0.  0.  0.  1.]
 [-1. -0. -0. -0. -0. -0. -0. -0. -0. -0. -0. -0. -0. -0. -0. -0.]
 [-0. -1. -0. -0. -0. -0. -0. -0. -0. -0. -0. -0. -0. -0. -0. -0.]
 [-0. -0. -1. -0. -0. -0. -0. -0. -0. -0. -0. -0. -0. -0. -0. -0.]
 [-0. -0. -0. -1. -0. -0. -0. -0. -0. -0. -0. -0. -0. -0. -0. -0.]
 [-0. -0. -0. -0. -1. -0. -0. -0. -0. -0. -0. -0. -0. -0. -0. -0.]
 [-0. -0. -0. -0. -0. -1. -0. -0. -0. -0. -0. -0. -0. -0. -0. -0.]
 [-0. -0. -0. -0. -0. -0. -1. -0. -0. -0. -0. -0. -0. -0. -0. -0.]
 [-0. -0. -0. -0. -0. -0. -0. -1. -0. -0. -0. -0. -0. -0. -0. -0.]
 [-0. -0. -0. -0. -0. -0. -0. -0. -1. -0. -0. -0. -0. -0. -0. -0.]
 [-0. -0. -0. -0. -0. -0. -0. -0. -0. -1. -0. -0. -0. -0. -0. -0.]
 [-0. -0. -0. -0. -0. -0. -0. -0. -0. -0. -1. -0. -0. -0. -0. -0.]
 [-0. -0. -0. -0. -0. -0. -0. -0. -0. -0. -0. -1. -0. -0. -0. -0.]
 [-0. -0. -0. -0. -0. -0. -0. -0. -0. -0. -0. -0. -1. -0. -0. -0.]
 [-0. -0. -0. -0. -0. -0. -0. -0. -0. -0. -0. -0. -0. -1. -0. -0.]
 [-0. -0. -0. -0. -0. -0. -0. -0. -0. -0. -0. -0. -0. -0. -1. -0.]
 [-0. -0. -0. -0. -0. -0. -0. -0. -0. -0. -0. -0. -0. -0. -0. -1.]]
b vec [ 0.  0.  0.  0.  0.  0.  0.  0.  0.  0.  0.  0.  0.  0.  0.  0. -1. -1.
 -1. -1. -1. -1. -1. -1. -1. -1. -1. -1. -1. -1. -1. -1.]
obj value 0.45637962280679856
((10, 18, 0), (8, 22, 1), (12, 31, -1), (0, 2, -1)) : (29, 36)
processing num: 5 

aq [(10, 18, 0), (8, 22, 1), (12, 31, -1), (0, 2, 0)]
gamma is 0.20263109430377516
Bmat [[ 1.  0.  0.  0.  0.  0.  0.  0.  0.  0.  0.  0.  0.  0.  0.  0.]
 [ 0.  1.  0.  0.  0.  0.  0.  0.  0.  0.  0.  0.  0.  0.  0.  0.]
 [ 0.  0.  1.  0.  0.  0.  0.  0.  0.  0.  0.  0.  0.  0.  0.  0.]
 [ 0.  0.  0.  1.  0.  0.  0.  0.  0.  0.  0.  0.  0.  0.  0.  0.]
 [ 0.  0.  0.  0.  1.  0.  0.  0.  0.  0.  0.  0.  0.  0.  0.  0.]
 [ 0.  0.  0.  0.  0.  1.  0.  0.  0.  0.  0.  0.  0.  0.  0.  0.]
 [ 0.  0.  0.  0.  0.  0.  1.  0.  0.  0.  0.  0.  0.  0.  0.  0.]
 [ 0.  0.  0.  0.  0.  0.  0.  1.  0.  0.  0.  0.  0.  0.  0.  0.]
 [ 0.  0.  0.  0.  0.  0.  0.  0.  1.  0.  0.  0.  0.  0.  0.  0.]
 [ 0.  0.  0.  0.  0.  0.  0.  0.  0.  1.  0.  0.  0.  0.  0.  0.]
 [ 0.  0.  0.  0.  0.  0.  0.  0.  0.  0.  1.  0.  0.  0.  0.  0.]
 [ 0.  0.  0.  0.  0.  0.  0.  0.  0.  0.  0.  1.  0.  0.  0.  0.]
 [ 0.  0.  0.  0.  0.  0.  0.  0.  0.  0.  0.  0.  1.  0.  0.  0.]
 [ 0.  0.  0.  0.  0.  0.  0.  0.  0.  0.  0.  0.  0.  1.  0.  0.]
 [ 0.  0.  0.  0.  0.  0.  0.  0.  0.  0.  0.  0.  0.  0.  1.  0.]
 [ 0.  0.  0.  0.  0.  0.  0.  0.  0.  0.  0.  0.  0.  0.  0.  1.]
 [-1. -0. -0. -0. -0. -0. -0. -0. -0. -0. -0. -0. -0. -0. -0. -0.]
 [-0. -1. -0. -0. -0. -0. -0. -0. -0. -0. -0. -0. -0. -0. -0. -0.]
 [-0. -0. -1. -0. -0. -0. -0. -0. -0. -0. -0. -0. -0. -0. -0. -0.]
 [-0. -0. -0. -1. -0. -0. -0. -0. -0. -0. -0. -0. -0. -0. -0. -0.]
 [-0. -0. -0. -0. -1. -0. -0. -0. -0. -0. -0. -0. -0. -0. -0. -0.]
 [-0. -0. -0. -0. -0. -1. -0. -0. -0. -0. -0. -0. -0. -0. -0. -0.]
 [-0. -0. -0. -0. -0. -0. -1. -0. -0. -0. -0. -0. -0. -0. -0. -0.]
 [-0. -0. -0. -0. -0. -0. -0. -1. -0. -0. -0. -0. -0. -0. -0. -0.]
 [-0. -0. -0. -0. -0. -0. -0. -0. -1. -0. -0. -0. -0. -0. -0. -0.]
 [-0. -0. -0. -0. -0. -0. -0. -0. -0. -1. -0. -0. -0. -0. -0. -0.]
 [-0. -0. -0. -0. -0. -0. -0. -0. -0. -0. -1. -0. -0. -0. -0. -0.]
 [-0. -0. -0. -0. -0. -0. -0. -0. -0. -0. -0. -1. -0. -0. -0. -0.]
 [-0. -0. -0. -0. -0. -0. -0. -0. -0. -0. -0. -0. -1. -0. -0. -0.]
 [-0. -0. -0. -0. -0. -0. -0. -0. -0. -0. -0. -0. -0. -1. -0. -0.]
 [-0. -0. -0. -0. -0. -0. -0. -0. -0. -0. -0. -0. -0. -0. -1. -0.]
 [-0. -0. -0. -0. -0. -0. -0. -0. -0. -0. -0. -0. -0. -0. -0. -1.]]
[ 0.  0.  0.  0.  0.  0.  0.  0.  0.  0.  0.  0.  0.  0.  0.  0. -1. -1.
 -1. -1. -1. -1. -1. -1. -1. -1. -1. -1. -1. -1. -1. -1.]
B mat is [[ 1.  0.  0.  0.  0.  0.  0.  0.  0.  0.  0.  0.  0.  0.  0.  0.]
 [ 0.  1.  0.  0.  0.  0.  0.  0.  0.  0.  0.  0.  0.  0.  0.  0.]
 [ 0.  0.  1.  0.  0.  0.  0.  0.  0.  0.  0.  0.  0.  0.  0.  0.]
 [ 0.  0.  0.  1.  0.  0.  0.  0.  0.  0.  0.  0.  0.  0.  0.  0.]
 [ 0.  0.  0.  0.  1.  0.  0.  0.  0.  0.  0.  0.  0.  0.  0.  0.]
 [ 0.  0.  0.  0.  0.  1.  0.  0.  0.  0.  0.  0.  0.  0.  0.  0.]
 [ 0.  0.  0.  0.  0.  0.  1.  0.  0.  0.  0.  0.  0.  0.  0.  0.]
 [ 0.  0.  0.  0.  0.  0.  0.  1.  0.  0.  0.  0.  0.  0.  0.  0.]
 [ 0.  0.  0.  0.  0.  0.  0.  0.  1.  0.  0.  0.  0.  0.  0.  0.]
 [ 0.  0.  0.  0.  0.  0.  0.  0.  0.  1.  0.  0.  0.  0.  0.  0.]
 [ 0.  0.  0.  0.  0.  0.  0.  0.  0.  0.  1.  0.  0.  0.  0.  0.]
 [ 0.  0.  0.  0.  0.  0.  0.  0.  0.  0.  0.  1.  0.  0.  0.  0.]
 [ 0.  0.  0.  0.  0.  0.  0.  0.  0.  0.  0.  0.  1.  0.  0.  0.]
 [ 0.  0.  0.  0.  0.  0.  0.  0.  0.  0.  0.  0.  0.  1.  0.  0.]
 [ 0.  0.  0.  0.  0.  0.  0.  0.  0.  0.  0.  0.  0.  0.  1.  0.]
 [ 0.  0.  0.  0.  0.  0.  0.  0.  0.  0.  0.  0.  0.  0.  0.  1.]
 [-1. -0. -0. -0. -0. -0. -0. -0. -0. -0. -0. -0. -0. -0. -0. -0.]
 [-0. -1. -0. -0. -0. -0. -0. -0. -0. -0. -0. -0. -0. -0. -0. -0.]
 [-0. -0. -1. -0. -0. -0. -0. -0. -0. -0. -0. -0. -0. -0. -0. -0.]
 [-0. -0. -0. -1. -0. -0. -0. -0. -0. -0. -0. -0. -0. -0. -0. -0.]
 [-0. -0. -0. -0. -1. -0. -0. -0. -0. -0. -0. -0. -0. -0. -0. -0.]
 [-0. -0. -0. -0. -0. -1. -0. -0. -0. -0. -0. -0. -0. -0. -0. -0.]
 [-0. -0. -0. -0. -0. -0. -1. -0. -0. -0. -0. -0. -0. -0. -0. -0.]
 [-0. -0. -0. -0. -0. -0. -0. -1. -0. -0. -0. -0. -0. -0. -0. -0.]
 [-0. -0. -0. -0. -0. -0. -0. -0. -1. -0. -0. -0. -0. -0. -0. -0.]
 [-0. -0. -0. -0. -0. -0. -0. -0. -0. -1. -0. -0. -0. -0. -0. -0.]
 [-0. -0. -0. -0. -0. -0. -0. -0. -0. -0. -1. -0. -0. -0. -0. -0.]
 [-0. -0. -0. -0. -0. -0. -0. -0. -0. -0. -0. -1. -0. -0. -0. -0.]
 [-0. -0. -0. -0. -0. -0. -0. -0. -0. -0. -0. -0. -1. -0. -0. -0.]
 [-0. -0. -0. -0. -0. -0. -0. -0. -0. -0. -0. -0. -0. -1. -0. -0.]
 [-0. -0. -0. -0. -0. -0. -0. -0. -0. -0. -0. -0. -0. -0. -1. -0.]
 [-0. -0. -0. -0. -0. -0. -0. -0. -0. -0. -0. -0. -0. -0. -0. -1.]]
b vec [ 0.  0.  0.  0.  0.  0.  0.  0.  0.  0.  0.  0.  0.  0.  0.  0. -1. -1.
 -1. -1. -1. -1. -1. -1. -1. -1. -1. -1. -1. -1. -1. -1.]
obj value 0.40482232163555587
((10, 18, 0), (8, 22, 1), (12, 31, -1), (0, 2, 0)) : (3, 10)
processing num: 6 

aq [(10, 18, 0), (8, 22, 1), (12, 31, -1), (0, 2, 1)]
gamma is 0.20263109430377516
Bmat [[ 1.  0.  0.  0.  0.  0.  0.  0.  0.  0.  0.  0.  0.  0.  0.  0.]
 [ 0.  1.  0.  0.  0.  0.  0.  0.  0.  0.  0.  0.  0.  0.  0.  0.]
 [ 0.  0.  1.  0.  0.  0.  0.  0.  0.  0.  0.  0.  0.  0.  0.  0.]
 [ 0.  0.  0.  1.  0.  0.  0.  0.  0.  0.  0.  0.  0.  0.  0.  0.]
 [ 0.  0.  0.  0.  1.  0.  0.  0.  0.  0.  0.  0.  0.  0.  0.  0.]
 [ 0.  0.  0.  0.  0.  1.  0.  0.  0.  0.  0.  0.  0.  0.  0.  0.]
 [ 0.  0.  0.  0.  0.  0.  1.  0.  0.  0.  0.  0.  0.  0.  0.  0.]
 [ 0.  0.  0.  0.  0.  0.  0.  1.  0.  0.  0.  0.  0.  0.  0.  0.]
 [ 0.  0.  0.  0.  0.  0.  0.  0.  1.  0.  0.  0.  0.  0.  0.  0.]
 [ 0.  0.  0.  0.  0.  0.  0.  0.  0.  1.  0.  0.  0.  0.  0.  0.]
 [ 0.  0.  0.  0.  0.  0.  0.  0.  0.  0.  1.  0.  0.  0.  0.  0.]
 [ 0.  0.  0.  0.  0.  0.  0.  0.  0.  0.  0.  1.  0.  0.  0.  0.]
 [ 0.  0.  0.  0.  0.  0.  0.  0.  0.  0.  0.  0.  1.  0.  0.  0.]
 [ 0.  0.  0.  0.  0.  0.  0.  0.  0.  0.  0.  0.  0.  1.  0.  0.]
 [ 0.  0.  0.  0.  0.  0.  0.  0.  0.  0.  0.  0.  0.  0.  1.  0.]
 [ 0.  0.  0.  0.  0.  0.  0.  0.  0.  0.  0.  0.  0.  0.  0.  1.]
 [-1. -0. -0. -0. -0. -0. -0. -0. -0. -0. -0. -0. -0. -0. -0. -0.]
 [-0. -1. -0. -0. -0. -0. -0. -0. -0. -0. -0. -0. -0. -0. -0. -0.]
 [-0. -0. -1. -0. -0. -0. -0. -0. -0. -0. -0. -0. -0. -0. -0. -0.]
 [-0. -0. -0. -1. -0. -0. -0. -0. -0. -0. -0. -0. -0. -0. -0. -0.]
 [-0. -0. -0. -0. -1. -0. -0. -0. -0. -0. -0. -0. -0. -0. -0. -0.]
 [-0. -0. -0. -0. -0. -1. -0. -0. -0. -0. -0. -0. -0. -0. -0. -0.]
 [-0. -0. -0. -0. -0. -0. -1. -0. -0. -0. -0. -0. -0. -0. -0. -0.]
 [-0. -0. -0. -0. -0. -0. -0. -1. -0. -0. -0. -0. -0. -0. -0. -0.]
 [-0. -0. -0. -0. -0. -0. -0. -0. -1. -0. -0. -0. -0. -0. -0. -0.]
 [-0. -0. -0. -0. -0. -0. -0. -0. -0. -1. -0. -0. -0. -0. -0. -0.]
 [-0. -0. -0. -0. -0. -0. -0. -0. -0. -0. -1. -0. -0. -0. -0. -0.]
 [-0. -0. -0. -0. -0. -0. -0. -0. -0. -0. -0. -1. -0. -0. -0. -0.]
 [-0. -0. -0. -0. -0. -0. -0. -0. -0. -0. -0. -0. -1. -0. -0. -0.]
 [-0. -0. -0. -0. -0. -0. -0. -0. -0. -0. -0. -0. -0. -1. -0. -0.]
 [-0. -0. -0. -0. -0. -0. -0. -0. -0. -0. -0. -0. -0. -0. -1. -0.]
 [-0. -0. -0. -0. -0. -0. -0. -0. -0. -0. -0. -0. -0. -0. -0. -1.]]
[ 0.  0.  0.  0.  0.  0.  0.  0.  0.  0.  0.  0.  0.  0.  0.  0. -1. -1.
 -1. -1. -1. -1. -1. -1. -1. -1. -1. -1. -1. -1. -1. -1.]
B mat is [[ 1.  0.  0.  0.  0.  0.  0.  0.  0.  0.  0.  0.  0.  0.  0.  0.]
 [ 0.  1.  0.  0.  0.  0.  0.  0.  0.  0.  0.  0.  0.  0.  0.  0.]
 [ 0.  0.  1.  0.  0.  0.  0.  0.  0.  0.  0.  0.  0.  0.  0.  0.]
 [ 0.  0.  0.  1.  0.  0.  0.  0.  0.  0.  0.  0.  0.  0.  0.  0.]
 [ 0.  0.  0.  0.  1.  0.  0.  0.  0.  0.  0.  0.  0.  0.  0.  0.]
 [ 0.  0.  0.  0.  0.  1.  0.  0.  0.  0.  0.  0.  0.  0.  0.  0.]
 [ 0.  0.  0.  0.  0.  0.  1.  0.  0.  0.  0.  0.  0.  0.  0.  0.]
 [ 0.  0.  0.  0.  0.  0.  0.  1.  0.  0.  0.  0.  0.  0.  0.  0.]
 [ 0.  0.  0.  0.  0.  0.  0.  0.  1.  0.  0.  0.  0.  0.  0.  0.]
 [ 0.  0.  0.  0.  0.  0.  0.  0.  0.  1.  0.  0.  0.  0.  0.  0.]
 [ 0.  0.  0.  0.  0.  0.  0.  0.  0.  0.  1.  0.  0.  0.  0.  0.]
 [ 0.  0.  0.  0.  0.  0.  0.  0.  0.  0.  0.  1.  0.  0.  0.  0.]
 [ 0.  0.  0.  0.  0.  0.  0.  0.  0.  0.  0.  0.  1.  0.  0.  0.]
 [ 0.  0.  0.  0.  0.  0.  0.  0.  0.  0.  0.  0.  0.  1.  0.  0.]
 [ 0.  0.  0.  0.  0.  0.  0.  0.  0.  0.  0.  0.  0.  0.  1.  0.]
 [ 0.  0.  0.  0.  0.  0.  0.  0.  0.  0.  0.  0.  0.  0.  0.  1.]
 [-1. -0. -0. -0. -0. -0. -0. -0. -0. -0. -0. -0. -0. -0. -0. -0.]
 [-0. -1. -0. -0. -0. -0. -0. -0. -0. -0. -0. -0. -0. -0. -0. -0.]
 [-0. -0. -1. -0. -0. -0. -0. -0. -0. -0. -0. -0. -0. -0. -0. -0.]
 [-0. -0. -0. -1. -0. -0. -0. -0. -0. -0. -0. -0. -0. -0. -0. -0.]
 [-0. -0. -0. -0. -1. -0. -0. -0. -0. -0. -0. -0. -0. -0. -0. -0.]
 [-0. -0. -0. -0. -0. -1. -0. -0. -0. -0. -0. -0. -0. -0. -0. -0.]
 [-0. -0. -0. -0. -0. -0. -1. -0. -0. -0. -0. -0. -0. -0. -0. -0.]
 [-0. -0. -0. -0. -0. -0. -0. -1. -0. -0. -0. -0. -0. -0. -0. -0.]
 [-0. -0. -0. -0. -0. -0. -0. -0. -1. -0. -0. -0. -0. -0. -0. -0.]
 [-0. -0. -0. -0. -0. -0. -0. -0. -0. -1. -0. -0. -0. -0. -0. -0.]
 [-0. -0. -0. -0. -0. -0. -0. -0. -0. -0. -1. -0. -0. -0. -0. -0.]
 [-0. -0. -0. -0. -0. -0. -0. -0. -0. -0. -0. -1. -0. -0. -0. -0.]
 [-0. -0. -0. -0. -0. -0. -0. -0. -0. -0. -0. -0. -1. -0. -0. -0.]
 [-0. -0. -0. -0. -0. -0. -0. -0. -0. -0. -0. -0. -0. -1. -0. -0.]
 [-0. -0. -0. -0. -0. -0. -0. -0. -0. -0. -0. -0. -0. -0. -1. -0.]
 [-0. -0. -0. -0. -0. -0. -0. -0. -0. -0. -0. -0. -0. -0. -0. -1.]]
b vec [ 0.  0.  0.  0.  0.  0.  0.  0.  0.  0.  0.  0.  0.  0.  0.  0. -1. -1.
 -1. -1. -1. -1. -1. -1. -1. -1. -1. -1. -1. -1. -1. -1.]
obj value 0.40601612291146455
((10, 18, 0), (8, 22, 1), (12, 31, -1), (0, 2, 1)) : (3, 10)
lookup is {(): (10, 18), ((10, 18, 0),): (8, 22), ((10, 18, 0), (8, 22, 1)): (12, 31), ((10, 18, 0), (8, 22, 1), (12, 31, -1)): (0, 2), ((10, 18, 0), (8, 22, 1), (12, 31, -1), (0, 2, -1)): (29, 36), ((10, 18, 0), (8, 22, 1), (12, 31, -1), (0, 2, 0)): (3, 10), ((10, 18, 0), (8, 22, 1), (12, 31, -1), (0, 2, 1)): (3, 10)}
prev answered: () next query: (10, 18)
prev answered: ((10, 18, 0),) next query: (8, 22)
prev answered: ((10, 18, 0), (8, 22, 1)) next query: (12, 31)
prev answered: ((10, 18, 0), (8, 22, 1), (12, 31, -1)) next query: (0, 2)
prev answered: ((10, 18, 0), (8, 22, 1), (12, 31, -1), (0, 2, -1)) next query: (29, 36)
prev answered: ((10, 18, 0), (8, 22, 1), (12, 31, -1), (0, 2, 0)) next query: (3, 10)
prev answered: ((10, 18, 0), (8, 22, 1), (12, 31, -1), (0, 2, 1)) next query: (3, 10)
